<?xml version="1.0" encoding="UTF-8"?>
<robot generator="Robot 7.3.2 (Python 3.12.10 on win32)" generated="2025-10-09T00:42:58.948503" rpa="false" schemaversion="5">
<suite id="s1" name="Auth Tests &amp; Movies Tests &amp; Sessions Tests &amp; Theaters Tests">
<suite id="s1-s1" name="Auth Tests" source="C:\Users\kaiol\challengeFinal\back\tests_api\suites\auth_tests.robot">
<kw name="Create Session" owner="RequestsLibrary" type="SETUP">
<msg time="2025-10-09T00:42:59.073504" level="INFO">Creating Session using : alias=cinema, url=http://localhost:3000/api/v1, headers={},                     cookies={}, auth=None, timeout=None, proxies=None, verify=False,                     debug=0 </msg>
<arg>cinema</arg>
<arg>${BASE_URL}</arg>
<doc>Create Session: create a HTTP session to a server</doc>
<status status="PASS" start="2025-10-09T00:42:59.073504" elapsed="0.000000"/>
</kw>
<test id="s1-s1-t1" name="Registrar Novo Usuário Aleatório" line="12">
<kw name="Generate Random String" owner="String">
<msg time="2025-10-09T00:42:59.074506" level="INFO">${rand} = qbnp</msg>
<var>${rand}</var>
<arg>4</arg>
<arg>[LOWER]</arg>
<doc>Generates a string with a desired ``length`` from the given ``chars``.</doc>
<status status="PASS" start="2025-10-09T00:42:59.073504" elapsed="0.001002"/>
</kw>
<kw name="Set Variable" owner="BuiltIn">
<msg time="2025-10-09T00:42:59.074506" level="INFO">${email} = testuserqbnp@example.com</msg>
<var>${email}</var>
<arg>testuser${rand}@example.com</arg>
<doc>Returns the given values which can then be assigned to a variables.</doc>
<status status="PASS" start="2025-10-09T00:42:59.074506" elapsed="0.000000"/>
</kw>
<kw name="Set Suite Variable" owner="BuiltIn">
<msg time="2025-10-09T00:42:59.075505" level="INFO">${NEW_USER_EMAIL} = testuserqbnp@example.com</msg>
<arg>${NEW_USER_EMAIL}</arg>
<arg>${email}</arg>
<doc>Makes a variable available everywhere within the scope of the current suite.</doc>
<status status="PASS" start="2025-10-09T00:42:59.074506" elapsed="0.000999"/>
</kw>
<kw name="Create Dictionary" owner="BuiltIn">
<msg time="2025-10-09T00:42:59.075505" level="INFO">${body} = {'name': 'Usuário Teste', 'email': 'testuserqbnp@example.com', 'password': 'senha123'}</msg>
<var>${body}</var>
<arg>name=Usuário Teste</arg>
<arg>email=${email}</arg>
<arg>password=senha123</arg>
<doc>Creates and returns a dictionary based on the given ``items``.</doc>
<status status="PASS" start="2025-10-09T00:42:59.075505" elapsed="0.000000"/>
</kw>
<kw name="POST On Session" owner="RequestsLibrary">
<msg time="2025-10-09T00:42:59.142504" level="INFO">POST Request : url=http://localhost:3000/api/v1/auth/register 
 path_url=/api/v1/auth/register 
 headers={'User-Agent': 'python-requests/2.32.5', 'Accept-Encoding': 'gzip, deflate', 'Accept': '*/*', 'Connection': 'keep-alive', 'Content-Length': '91', 'Content-Type': 'application/json'} 
 body=b'{"name": "Usu\\u00e1rio Teste", "email": "testuserqbnp@example.com", "password": "senha123"}' 
 </msg>
<msg time="2025-10-09T00:42:59.142504" level="INFO">POST Response : url=http://localhost:3000/api/v1/auth/register 
 status=201, reason=Created 
 headers={'X-Powered-By': 'Express', 'Access-Control-Allow-Origin': '*', 'Content-Type': 'application/json; charset=utf-8', 'Content-Length': '313', 'ETag': 'W/"139-jVludnjCbu32IDG/pjGh31pqfhg"', 'Date': 'Thu, 09 Oct 2025 03:42:59 GMT', 'Connection': 'keep-alive', 'Keep-Alive': 'timeout=5'} 
 body={"success":true,"data":{"_id":"68e72f4390d941609b2d244b","name":"Usuário Teste","email":"testuserqbnp@example.com","role":"user","token":"eyJhbGciOiJIUzI1NiIsInR5cCI6IkpXVCJ9.eyJpZCI6IjY4ZTcyZjQzOTBkOTQxNjA5YjJkMjQ0YiIsImlhdCI6MTc1OTk4MTM3OSwiZXhwIjoxNzYwMDY3Nzc5fQ.uKgq5_gntRbagg53sWFAl9mYt2pYo87_0OrEAiQaabM"}} 
 </msg>
<msg time="2025-10-09T00:42:59.142504" level="INFO">${response} = &lt;Response [201]&gt;</msg>
<var>${response}</var>
<arg>cinema</arg>
<arg>${REGISTER}</arg>
<arg>json=${body}</arg>
<doc>Sends a POST request on a previously created HTTP Session.</doc>
<status status="PASS" start="2025-10-09T00:42:59.075505" elapsed="0.066999"/>
</kw>
<kw name="Should Be Equal As Integers" owner="BuiltIn">
<msg time="2025-10-09T00:42:59.143504" level="INFO">Argument types are:
&lt;class 'int'&gt;
&lt;class 'str'&gt;</msg>
<arg>${response.status_code}</arg>
<arg>201</arg>
<doc>Fails if objects are unequal after converting them to integers.</doc>
<status status="PASS" start="2025-10-09T00:42:59.143504" elapsed="0.000000"/>
</kw>
<kw name="Set Variable" owner="BuiltIn">
<msg time="2025-10-09T00:42:59.144504" level="INFO">${token} = eyJhbGciOiJIUzI1NiIsInR5cCI6IkpXVCJ9.eyJpZCI6IjY4ZTcyZjQzOTBkOTQxNjA5YjJkMjQ0YiIsImlhdCI6MTc1OTk4MTM3OSwiZXhwIjoxNzYwMDY3Nzc5fQ.uKgq5_gntRbagg53sWFAl9mYt2pYo87_0OrEAiQaabM</msg>
<var>${token}</var>
<arg>${response.json()['data']['token']}</arg>
<doc>Returns the given values which can then be assigned to a variables.</doc>
<status status="PASS" start="2025-10-09T00:42:59.143504" elapsed="0.001000"/>
</kw>
<kw name="Set Variable" owner="BuiltIn">
<msg time="2025-10-09T00:42:59.144504" level="INFO">${user_id} = 68e72f4390d941609b2d244b</msg>
<var>${user_id}</var>
<arg>${response.json()['data']['_id']}</arg>
<doc>Returns the given values which can then be assigned to a variables.</doc>
<status status="PASS" start="2025-10-09T00:42:59.144504" elapsed="0.000000"/>
</kw>
<kw name="Set Suite Variable" owner="BuiltIn">
<msg time="2025-10-09T00:42:59.145504" level="INFO">${NEW_USER_TOKEN} = eyJhbGciOiJIUzI1NiIsInR5cCI6IkpXVCJ9.eyJpZCI6IjY4ZTcyZjQzOTBkOTQxNjA5YjJkMjQ0YiIsImlhdCI6MTc1OTk4MTM3OSwiZXhwIjoxNzYwMDY3Nzc5fQ.uKgq5_gntRbagg53sWFAl9mYt2pYo87_0OrEAiQaabM</msg>
<arg>${NEW_USER_TOKEN}</arg>
<arg>${token}</arg>
<doc>Makes a variable available everywhere within the scope of the current suite.</doc>
<status status="PASS" start="2025-10-09T00:42:59.144504" elapsed="0.001000"/>
</kw>
<kw name="Set Suite Variable" owner="BuiltIn">
<msg time="2025-10-09T00:42:59.146505" level="INFO">${NEW_USER_ID} = 68e72f4390d941609b2d244b</msg>
<arg>${NEW_USER_ID}</arg>
<arg>${user_id}</arg>
<doc>Makes a variable available everywhere within the scope of the current suite.</doc>
<status status="PASS" start="2025-10-09T00:42:59.145504" elapsed="0.001001"/>
</kw>
<kw name="Log To Console" owner="BuiltIn">
<arg>Usuário registrado com sucesso: ${email}</arg>
<doc>Logs the given message to the console.</doc>
<status status="PASS" start="2025-10-09T00:42:59.146505" elapsed="0.000000"/>
</kw>
<doc>Registra um usuário novo com email único e salva token/ID</doc>
<status status="PASS" start="2025-10-09T00:42:59.073504" elapsed="0.073001"/>
</test>
<test id="s1-s1-t2" name="Login Com Usuário Registrado" line="26">
<kw name="Create Dictionary" owner="BuiltIn">
<msg time="2025-10-09T00:42:59.147505" level="INFO">${body} = {'email': 'testuserqbnp@example.com', 'password': 'senha123'}</msg>
<var>${body}</var>
<arg>email=${NEW_USER_EMAIL}</arg>
<arg>password=senha123</arg>
<doc>Creates and returns a dictionary based on the given ``items``.</doc>
<status status="PASS" start="2025-10-09T00:42:59.147505" elapsed="0.000000"/>
</kw>
<kw name="POST On Session" owner="RequestsLibrary">
<msg time="2025-10-09T00:42:59.206503" level="INFO">POST Request : url=http://localhost:3000/api/v1/auth/login 
 path_url=/api/v1/auth/login 
 headers={'User-Agent': 'python-requests/2.32.5', 'Accept-Encoding': 'gzip, deflate', 'Accept': '*/*', 'Connection': 'keep-alive', 'Content-Length': '61', 'Content-Type': 'application/json'} 
 body=b'{"email": "testuserqbnp@example.com", "password": "senha123"}' 
 </msg>
<msg time="2025-10-09T00:42:59.206503" level="INFO">POST Response : url=http://localhost:3000/api/v1/auth/login 
 status=200, reason=OK 
 headers={'X-Powered-By': 'Express', 'Access-Control-Allow-Origin': '*', 'Content-Type': 'application/json; charset=utf-8', 'Content-Length': '313', 'ETag': 'W/"139-jVludnjCbu32IDG/pjGh31pqfhg"', 'Date': 'Thu, 09 Oct 2025 03:42:59 GMT', 'Connection': 'keep-alive', 'Keep-Alive': 'timeout=5'} 
 body={"success":true,"data":{"_id":"68e72f4390d941609b2d244b","name":"Usuário Teste","email":"testuserqbnp@example.com","role":"user","token":"eyJhbGciOiJIUzI1NiIsInR5cCI6IkpXVCJ9.eyJpZCI6IjY4ZTcyZjQzOTBkOTQxNjA5YjJkMjQ0YiIsImlhdCI6MTc1OTk4MTM3OSwiZXhwIjoxNzYwMDY3Nzc5fQ.uKgq5_gntRbagg53sWFAl9mYt2pYo87_0OrEAiQaabM"}} 
 </msg>
<msg time="2025-10-09T00:42:59.206503" level="INFO">${response} = &lt;Response [200]&gt;</msg>
<var>${response}</var>
<arg>cinema</arg>
<arg>${LOGIN}</arg>
<arg>json=${body}</arg>
<doc>Sends a POST request on a previously created HTTP Session.</doc>
<status status="PASS" start="2025-10-09T00:42:59.147505" elapsed="0.059998"/>
</kw>
<kw name="Should Be Equal As Integers" owner="BuiltIn">
<msg time="2025-10-09T00:42:59.207503" level="INFO">Argument types are:
&lt;class 'int'&gt;
&lt;class 'str'&gt;</msg>
<arg>${response.status_code}</arg>
<arg>200</arg>
<doc>Fails if objects are unequal after converting them to integers.</doc>
<status status="PASS" start="2025-10-09T00:42:59.207503" elapsed="0.000000"/>
</kw>
<kw name="Set Variable" owner="BuiltIn">
<msg time="2025-10-09T00:42:59.208504" level="INFO">${token} = eyJhbGciOiJIUzI1NiIsInR5cCI6IkpXVCJ9.eyJpZCI6IjY4ZTcyZjQzOTBkOTQxNjA5YjJkMjQ0YiIsImlhdCI6MTc1OTk4MTM3OSwiZXhwIjoxNzYwMDY3Nzc5fQ.uKgq5_gntRbagg53sWFAl9mYt2pYo87_0OrEAiQaabM</msg>
<var>${token}</var>
<arg>${response.json()['data']['token']}</arg>
<doc>Returns the given values which can then be assigned to a variables.</doc>
<status status="PASS" start="2025-10-09T00:42:59.207503" elapsed="0.001001"/>
</kw>
<kw name="Should Not Be Empty" owner="BuiltIn">
<msg time="2025-10-09T00:42:59.208504" level="INFO">Length is 171.</msg>
<arg>${token}</arg>
<doc>Verifies that the given item is not empty.</doc>
<status status="PASS" start="2025-10-09T00:42:59.208504" elapsed="0.000000"/>
</kw>
<kw name="Set Suite Variable" owner="BuiltIn">
<msg time="2025-10-09T00:42:59.208504" level="INFO">${NEW_USER_TOKEN} = eyJhbGciOiJIUzI1NiIsInR5cCI6IkpXVCJ9.eyJpZCI6IjY4ZTcyZjQzOTBkOTQxNjA5YjJkMjQ0YiIsImlhdCI6MTc1OTk4MTM3OSwiZXhwIjoxNzYwMDY3Nzc5fQ.uKgq5_gntRbagg53sWFAl9mYt2pYo87_0OrEAiQaabM</msg>
<arg>${NEW_USER_TOKEN}</arg>
<arg>${token}</arg>
<doc>Makes a variable available everywhere within the scope of the current suite.</doc>
<status status="PASS" start="2025-10-09T00:42:59.208504" elapsed="0.000000"/>
</kw>
<kw name="Log To Console" owner="BuiltIn">
<arg>Login realizado com sucesso para: ${NEW_USER_EMAIL}</arg>
<doc>Logs the given message to the console.</doc>
<status status="PASS" start="2025-10-09T00:42:59.209504" elapsed="0.000000"/>
</kw>
<doc>Faz login com o usuário criado</doc>
<status status="PASS" start="2025-10-09T00:42:59.147505" elapsed="0.061999"/>
</test>
<test id="s1-s1-t3" name="Login Com Credenciais Inválidas" line="37">
<kw name="Create Dictionary" owner="BuiltIn">
<msg time="2025-10-09T00:42:59.210503" level="INFO">${body} = {'email': 'emailinvalido@cinema.com', 'password': 'senha123'}</msg>
<var>${body}</var>
<arg>email=emailinvalido@cinema.com</arg>
<arg>password=senha123</arg>
<doc>Creates and returns a dictionary based on the given ``items``.</doc>
<status status="PASS" start="2025-10-09T00:42:59.209504" elapsed="0.000999"/>
</kw>
<kw name="POST On Session" owner="RequestsLibrary">
<msg time="2025-10-09T00:42:59.212504" level="INFO">POST Request : url=http://localhost:3000/api/v1/auth/login 
 path_url=/api/v1/auth/login 
 headers={'User-Agent': 'python-requests/2.32.5', 'Accept-Encoding': 'gzip, deflate', 'Accept': '*/*', 'Connection': 'keep-alive', 'Content-Length': '61', 'Content-Type': 'application/json'} 
 body=b'{"email": "emailinvalido@cinema.com", "password": "senha123"}' 
 </msg>
<msg time="2025-10-09T00:42:59.212504" level="INFO">POST Response : url=http://localhost:3000/api/v1/auth/login 
 status=401, reason=Unauthorized 
 headers={'X-Powered-By': 'Express', 'Access-Control-Allow-Origin': '*', 'Content-Type': 'application/json; charset=utf-8', 'Content-Length': '55', 'ETag': 'W/"37-5uDpJTljPBecOPs/j7OXFdPRcmQ"', 'Date': 'Thu, 09 Oct 2025 03:42:59 GMT', 'Connection': 'keep-alive', 'Keep-Alive': 'timeout=5'} 
 body={"success":false,"message":"Invalid email or password"} 
 </msg>
<msg time="2025-10-09T00:42:59.213506" level="FAIL">Url: http://localhost:3000/api/v1/auth/login Expected status: 401 != 400</msg>
<var>${response}</var>
<arg>cinema</arg>
<arg>${LOGIN}</arg>
<arg>json=${body}</arg>
<arg>expected_status=400</arg>
<doc>Sends a POST request on a previously created HTTP Session.</doc>
<status status="FAIL" start="2025-10-09T00:42:59.210503" elapsed="0.004001">Url: http://localhost:3000/api/v1/auth/login Expected status: 401 != 400</status>
</kw>
<kw name="Should Be Equal As Integers" owner="BuiltIn">
<arg>${response.status_code}</arg>
<arg>400</arg>
<doc>Fails if objects are unequal after converting them to integers.</doc>
<status status="NOT RUN" start="2025-10-09T00:42:59.214504" elapsed="0.000000"/>
</kw>
<kw name="Log To Console" owner="BuiltIn">
<arg>Login rejeitado corretamente com credenciais inválidas.</arg>
<doc>Logs the given message to the console.</doc>
<status status="NOT RUN" start="2025-10-09T00:42:59.214504" elapsed="0.000000"/>
</kw>
<doc>Faz login com credenciais inválidas</doc>
<status status="FAIL" start="2025-10-09T00:42:59.209504" elapsed="0.006000">Url: http://localhost:3000/api/v1/auth/login Expected status: 401 != 400</status>
</test>
<test id="s1-s1-t4" name="Obter Perfil Do Usuário" line="44">
<kw name="Create Dictionary" owner="BuiltIn">
<msg time="2025-10-09T00:42:59.215504" level="INFO">${headers} = {'Authorization': 'Bearer eyJhbGciOiJIUzI1NiIsInR5cCI6IkpXVCJ9.eyJpZCI6IjY4ZTcyZjQzOTBkOTQxNjA5YjJkMjQ0YiIsImlhdCI6MTc1OTk4MTM3OSwiZXhwIjoxNzYwMDY3Nzc5fQ.uKgq5_gntRbagg53sWFAl9mYt2pYo87_0OrEAiQaabM'}</msg>
<var>${headers}</var>
<arg>Authorization=Bearer ${NEW_USER_TOKEN}</arg>
<doc>Creates and returns a dictionary based on the given ``items``.</doc>
<status status="PASS" start="2025-10-09T00:42:59.215504" elapsed="0.000000"/>
</kw>
<kw name="GET On Session" owner="RequestsLibrary">
<msg time="2025-10-09T00:42:59.219504" level="INFO">GET Request : url=http://localhost:3000/api/v1/auth/me 
 path_url=/api/v1/auth/me 
 headers={'User-Agent': 'python-requests/2.32.5', 'Accept-Encoding': 'gzip, deflate', 'Accept': '*/*', 'Connection': 'keep-alive', 'Authorization': 'Bearer eyJhbGciOiJIUzI1NiIsInR5cCI6IkpXVCJ9.eyJpZCI6IjY4ZTcyZjQzOTBkOTQxNjA5YjJkMjQ0YiIsImlhdCI6MTc1OTk4MTM3OSwiZXhwIjoxNzYwMDY3Nzc5fQ.uKgq5_gntRbagg53sWFAl9mYt2pYo87_0OrEAiQaabM'} 
 body=None 
 </msg>
<msg time="2025-10-09T00:42:59.219504" level="INFO">GET Response : url=http://localhost:3000/api/v1/auth/me 
 status=200, reason=OK 
 headers={'X-Powered-By': 'Express', 'Access-Control-Allow-Origin': '*', 'Content-Type': 'application/json; charset=utf-8', 'Content-Length': '131', 'ETag': 'W/"83-hj4EMja4OYj3C3h0WTXrqLdvgYE"', 'Date': 'Thu, 09 Oct 2025 03:42:59 GMT', 'Connection': 'keep-alive', 'Keep-Alive': 'timeout=5'} 
 body={"success":true,"data":{"_id":"68e72f4390d941609b2d244b","name":"Usuário Teste","email":"testuserqbnp@example.com","role":"user"}} 
 </msg>
<msg time="2025-10-09T00:42:59.219504" level="INFO">${response} = &lt;Response [200]&gt;</msg>
<var>${response}</var>
<arg>cinema</arg>
<arg>${ME}</arg>
<arg>headers=${headers}</arg>
<doc>Sends a GET request on a previously created HTTP Session.</doc>
<status status="PASS" start="2025-10-09T00:42:59.215504" elapsed="0.004000"/>
</kw>
<kw name="Should Be Equal As Integers" owner="BuiltIn">
<msg time="2025-10-09T00:42:59.220505" level="INFO">Argument types are:
&lt;class 'int'&gt;
&lt;class 'str'&gt;</msg>
<arg>${response.status_code}</arg>
<arg>200</arg>
<doc>Fails if objects are unequal after converting them to integers.</doc>
<status status="PASS" start="2025-10-09T00:42:59.219504" elapsed="0.001001"/>
</kw>
<kw name="Should Be Equal" owner="BuiltIn">
<arg>${response.json()['data']['email']}</arg>
<arg>${NEW_USER_EMAIL}</arg>
<doc>Fails if the given objects are unequal.</doc>
<status status="PASS" start="2025-10-09T00:42:59.220505" elapsed="0.000000"/>
</kw>
<kw name="Log To Console" owner="BuiltIn">
<arg>Perfil obtido com sucesso para: ${NEW_USER_EMAIL}</arg>
<doc>Logs the given message to the console.</doc>
<status status="PASS" start="2025-10-09T00:42:59.220505" elapsed="0.000000"/>
</kw>
<doc>Obtém o perfil do usuário logado e valida email</doc>
<status status="PASS" start="2025-10-09T00:42:59.215504" elapsed="0.005001"/>
</test>
<test id="s1-s1-t5" name="Atualizar Perfil Do Usuário" line="52">
<kw name="Create Dictionary" owner="BuiltIn">
<msg time="2025-10-09T00:42:59.221504" level="INFO">${headers} = {'Authorization': 'Bearer eyJhbGciOiJIUzI1NiIsInR5cCI6IkpXVCJ9.eyJpZCI6IjY4ZTcyZjQzOTBkOTQxNjA5YjJkMjQ0YiIsImlhdCI6MTc1OTk4MTM3OSwiZXhwIjoxNzYwMDY3Nzc5fQ.uKgq5_gntRbagg53sWFAl9mYt2pYo87_0OrEAiQaabM'}</msg>
<var>${headers}</var>
<arg>Authorization=Bearer ${NEW_USER_TOKEN}</arg>
<doc>Creates and returns a dictionary based on the given ``items``.</doc>
<status status="PASS" start="2025-10-09T00:42:59.221504" elapsed="0.000000"/>
</kw>
<kw name="Create Dictionary" owner="BuiltIn">
<msg time="2025-10-09T00:42:59.221504" level="INFO">${body} = {'name': 'Usuário Atualizado'}</msg>
<var>${body}</var>
<arg>name=Usuário Atualizado</arg>
<doc>Creates and returns a dictionary based on the given ``items``.</doc>
<status status="PASS" start="2025-10-09T00:42:59.221504" elapsed="0.000000"/>
</kw>
<kw name="PUT On Session" owner="RequestsLibrary">
<msg time="2025-10-09T00:42:59.226503" level="INFO">PUT Request : url=http://localhost:3000/api/v1/auth/profile 
 path_url=/api/v1/auth/profile 
 headers={'User-Agent': 'python-requests/2.32.5', 'Accept-Encoding': 'gzip, deflate', 'Accept': '*/*', 'Connection': 'keep-alive', 'Authorization': 'Bearer eyJhbGciOiJIUzI1NiIsInR5cCI6IkpXVCJ9.eyJpZCI6IjY4ZTcyZjQzOTBkOTQxNjA5YjJkMjQ0YiIsImlhdCI6MTc1OTk4MTM3OSwiZXhwIjoxNzYwMDY3Nzc5fQ.uKgq5_gntRbagg53sWFAl9mYt2pYo87_0OrEAiQaabM', 'Content-Length': '35', 'Content-Type': 'application/json'} 
 body=b'{"name": "Usu\\u00e1rio Atualizado"}' 
 </msg>
<msg time="2025-10-09T00:42:59.226503" level="INFO">PUT Response : url=http://localhost:3000/api/v1/auth/profile 
 status=200, reason=OK 
 headers={'X-Powered-By': 'Express', 'Access-Control-Allow-Origin': '*', 'Content-Type': 'application/json; charset=utf-8', 'Content-Length': '360', 'ETag': 'W/"168-oPViT88EVcRRzw+K02DWU7EUF+4"', 'Date': 'Thu, 09 Oct 2025 03:42:59 GMT', 'Connection': 'keep-alive', 'Keep-Alive': 'timeout=5'} 
 body={"success":true,"message":"Perfil atualizado com sucesso","data":{"_id":"68e72f4390d941609b2d244b","name":"Usuário Atualizado","email":"testuserqbnp@example.com","role":"user","token":"eyJhbGciOiJIUzI1NiIsInR5cCI6IkpXVCJ9.eyJpZCI6IjY4ZTcyZjQzOTBkOTQxNjA5YjJkMjQ0YiIsImlhdCI6MTc1OTk4MTM3OSwiZXhwIjoxNzYwMDY3Nzc5fQ.uKgq5_gntRbagg53sWFAl9mYt2pYo87_0OrEAiQaabM"}} 
 </msg>
<msg time="2025-10-09T00:42:59.226503" level="INFO">${response} = &lt;Response [200]&gt;</msg>
<var>${response}</var>
<arg>cinema</arg>
<arg>${PROFILE}</arg>
<arg>headers=${headers}</arg>
<arg>json=${body}</arg>
<doc>Sends a PUT request on a previously created HTTP Session.</doc>
<status status="PASS" start="2025-10-09T00:42:59.221504" elapsed="0.005999"/>
</kw>
<kw name="Should Be Equal As Integers" owner="BuiltIn">
<msg time="2025-10-09T00:42:59.227503" level="INFO">Argument types are:
&lt;class 'int'&gt;
&lt;class 'str'&gt;</msg>
<arg>${response.status_code}</arg>
<arg>200</arg>
<doc>Fails if objects are unequal after converting them to integers.</doc>
<status status="PASS" start="2025-10-09T00:42:59.227503" elapsed="0.000000"/>
</kw>
<kw name="Should Be Equal" owner="BuiltIn">
<arg>${response.json()['data']['name']}</arg>
<arg>Usuário Atualizado</arg>
<doc>Fails if the given objects are unequal.</doc>
<status status="PASS" start="2025-10-09T00:42:59.227503" elapsed="0.001000"/>
</kw>
<kw name="Log To Console" owner="BuiltIn">
<arg>Perfil atualizado com sucesso para: ${NEW_USER_EMAIL}</arg>
<doc>Logs the given message to the console.</doc>
<status status="PASS" start="2025-10-09T00:42:59.228503" elapsed="0.000000"/>
</kw>
<doc>Atualiza o nome do usuário autenticado</doc>
<status status="PASS" start="2025-10-09T00:42:59.221504" elapsed="0.006999"/>
</test>
<kw name="Delete All Sessions" owner="RequestsLibrary" type="TEARDOWN">
<msg time="2025-10-09T00:42:59.228503" level="INFO">Deleting All Sessions</msg>
<doc>Removes all the session objects</doc>
<status status="PASS" start="2025-10-09T00:42:59.228503" elapsed="0.000000"/>
</kw>
<doc>Testes de autenticação do Cinema APP - registro, login, perfil e deleção</doc>
<status status="FAIL" start="2025-10-09T00:42:58.972504" elapsed="0.255999"/>
</suite>
<suite id="s1-s2" name="Movies Tests" source="C:\Users\kaiol\challengeFinal\back\tests_api\suites\movies_tests.robot">
<kw name="Create Session" owner="RequestsLibrary" type="SETUP">
<msg time="2025-10-09T00:42:59.233503" level="INFO">Creating Session using : alias=cinema, url=http://localhost:3000/api/v1, headers={},                     cookies={}, auth=None, timeout=None, proxies=None, verify=False,                     debug=0 </msg>
<arg>cinema</arg>
<arg>${BASE_URL}</arg>
<doc>Create Session: create a HTTP session to a server</doc>
<status status="PASS" start="2025-10-09T00:42:59.233503" elapsed="0.000000"/>
</kw>
<test id="s1-s2-t1" name="Listar Todos Os Filmes" line="13">
<kw name="GET On Session" owner="RequestsLibrary">
<msg time="2025-10-09T00:42:59.239503" level="INFO">GET Request : url=http://localhost:3000/api/v1/movies 
 path_url=/api/v1/movies 
 headers={'User-Agent': 'python-requests/2.32.5', 'Accept-Encoding': 'gzip, deflate', 'Accept': '*/*', 'Connection': 'keep-alive'} 
 body=None 
 </msg>
<msg time="2025-10-09T00:42:59.239503" level="INFO">GET Response : url=http://localhost:3000/api/v1/movies 
 status=200, reason=OK 
 headers={'X-Powered-By': 'Express', 'Access-Control-Allow-Origin': '*', 'Content-Type': 'application/json; charset=utf-8', 'Content-Length': '4233', 'ETag': 'W/"1089-JVjqERUgbVvN/TrlgM087RmMCoc"', 'Date': 'Thu, 09 Oct 2025 03:42:59 GMT', 'Connection': 'keep-alive', 'Keep-Alive': 'timeout=5'} 
 body={"success":true,"count":10,"pagination":{"next":{"page":2,"limit":10}},"data":[{"_id":"68e57738d41f32edaaa5d169","customId":"10","title":"Interstellar","synopsis":"A team of explorers travel through a wormhole in space in an attempt to ensure humanity's survival.","director":"Christopher Nolan","genres":["Adventure","Drama","Science Fiction"],"duration":169,"classification":"PG-13","poster":"interstellar.jpg","releaseDate":"2014-11-07T00:00:00.000Z","id":"68e57738d41f32edaaa5d169"},{"_id":"68e57737acee46196cffd70d","customId":"2","title":"The Avengers","synopsis":"Earth's mightiest heroes must come together to save the world.","director":"Joss Whedon","genres":["Action","Adventure"],"duration":143,"classification":"PG-13","poster":"avengers.jpg","releaseDate":"2012-05-04T00:00:00.000Z","id":"68e57737acee46196cffd70d"},{"_id":"68e57737acee46196cffd70c","customId":"1","title":"Inception","synopsis":"A thief who enters the dreams of others to steal their secrets.","director":"Christopher Nolan","genres":["Science Fiction","Action"],"duration":148,"classification":"PG-13","poster":"inception.jpg","releaseDate":"2010-07-16T00:00:00.000Z","id":"68e57737acee46196cffd70c"},{"_id":"68e57738d41f32edaaa5d16d","customId":"14","title":"Avatar","synopsis":"A paraplegic Marine dispatched to the moon Pandora on a unique mission becomes torn between following his orders and protecting the world he feels is his home.","director":"James Cameron","genres":["Action","Adventure","Fantasy"],"duration":162,"classification":"PG-13","poster":"avatar.jpg","releaseDate":"2009-12-18T00:00:00.000Z","id":"68e57738d41f32edaaa5d16d"},{"_id":"68e57738d41f32edaaa5d165","customId":"6","title":"The Dark Knight","synopsis":"When the menace known as the Joker wreaks havoc and chaos on the people of Gotham, Batman must accept one of the greatest psychological and physical tests of his ability to fight injustice.","director":"Christopher Nolan","genres":["Action","Crime","Drama"],"duration":152,"classification":"PG-13","poster":"darkknight.jpg","releaseDate":"2008-07-18T00:00:00.000Z","id":"68e57738d41f32edaaa5d165"},{"_id":"68e57738d41f32edaaa5d16b","customId":"12","title":"The Lord of the Rings: The Fellowship of the Ring","synopsis":"A meek Hobbit from the Shire and eight companions set out on a journey to destroy the powerful One Ring and save Middle-earth from the Dark Lord Sauron.","director":"Peter Jackson","genres":["Adventure","Fantasy","Drama"],"duration":178,"classification":"PG-13","poster":"lotr.jpg","releaseDate":"2001-12-19T00:00:00.000Z","id":"68e57738d41f32edaaa5d16b"},{"_id":"68e57738d41f32edaaa5d16a","customId":"11","title":"Gladiator","synopsis":"A former Roman General sets out to exact vengeance against the corrupt emperor who murdered his family and sent him into slavery.","director":"Ridley Scott","genres":["Action","Adventure","Drama"],"duration":155,"classification":"R","poster":"gladiator.jpg","releaseDate":"2000-05-05T00:00:00.000Z","id":"68e57738d41f32edaaa5d16a"},{"_id":"68e57738d41f32edaaa5d166","customId":"7","title":"Fight Club","synopsis":"An insomniac office worker and a devil-may-care soapmaker form an underground fight club that evolves into something much, much more.","director":"David Fincher","genres":["Drama"],"duration":139,"classification":"R","poster":"fightclub.jpg","releaseDate":"1999-10-15T00:00:00.000Z","id":"68e57738d41f32edaaa5d166"},{"_id":"68e57738d41f32edaaa5d163","customId":"4","title":"The Matrix","synopsis":"A computer hacker learns from mysterious rebels about the true nature of his reality and his role in the war against its controllers.","director":"Lana Wachowski, Lilly Wachowski","genres":["Science Fiction","Action"],"duration":136,"classification":"R","poster":"matrix.jpg","releaseDate":"1999-03-31T00:00:00.000Z","id":"68e57738d41f32edaaa5d163"},{"_id":"68e57738d41f32edaaa5d16c","customId":"13","title":"Titanic","synopsis":"A seventeen-year-old aristocrat falls in love with a kind but poor artist aboard the luxurious, ill-fated R.M.S. Titanic.","director":"James Cameron","genres":["Drama","Romance"],"duration":194,"classification":"PG-13","poster":"titanic.jpg","releaseDate":"1997-12-19T00:00:00.000Z","id":"68e57738d41f32edaaa5d16c"}]} 
 </msg>
<msg time="2025-10-09T00:42:59.239503" level="INFO">${response} = &lt;Response [200]&gt;</msg>
<var>${response}</var>
<arg>cinema</arg>
<arg>${MOVIES}</arg>
<arg>expected_status=200</arg>
<doc>Sends a GET request on a previously created HTTP Session.</doc>
<status status="PASS" start="2025-10-09T00:42:59.233503" elapsed="0.006000"/>
</kw>
<kw name="Should Be Equal As Integers" owner="BuiltIn">
<msg time="2025-10-09T00:42:59.240503" level="INFO">Argument types are:
&lt;class 'int'&gt;
&lt;class 'str'&gt;</msg>
<arg>${response.status_code}</arg>
<arg>200</arg>
<doc>Fails if objects are unequal after converting them to integers.</doc>
<status status="PASS" start="2025-10-09T00:42:59.239503" elapsed="0.001000"/>
</kw>
<kw name="Log To Console" owner="BuiltIn">
<arg>Lista de filmes obtida com sucesso.</arg>
<doc>Logs the given message to the console.</doc>
<status status="PASS" start="2025-10-09T00:42:59.240503" elapsed="0.000000"/>
</kw>
<doc>Obtém a lista de todos os filmes e verifica se o retorno é 200</doc>
<status status="PASS" start="2025-10-09T00:42:59.233503" elapsed="0.007000"/>
</test>
<test id="s1-s2-t2" name="Obter Filme Por ID" line="20">
<kw name="Set Variable" owner="BuiltIn">
<msg time="2025-10-09T00:42:59.241504" level="INFO">${movie_id} = 68e57737acee46196cffd70d</msg>
<var>${movie_id}</var>
<arg>68e57737acee46196cffd70d</arg>
<doc>Returns the given values which can then be assigned to a variables.</doc>
<status status="PASS" start="2025-10-09T00:42:59.241504" elapsed="0.000000"/>
</kw>
<kw name="GET On Session" owner="RequestsLibrary">
<msg time="2025-10-09T00:42:59.297504" level="INFO">GET Request : url=http://localhost:3000/api/v1/movies/68e57737acee46196cffd70d 
 path_url=/api/v1/movies/68e57737acee46196cffd70d 
 headers={'User-Agent': 'python-requests/2.32.5', 'Accept-Encoding': 'gzip, deflate', 'Accept': '*/*', 'Connection': 'keep-alive'} 
 body=None 
 </msg>
<msg time="2025-10-09T00:42:59.297504" level="INFO">GET Response : url=http://localhost:3000/api/v1/movies/68e57737acee46196cffd70d 
 status=200, reason=OK 
 headers={'X-Powered-By': 'Express', 'Access-Control-Allow-Origin': '*', 'Content-Type': 'application/json; charset=utf-8', 'Content-Length': '194505', 'ETag': 'W/"2f7c9-UL9L9k4Y99BahbfEEJErFurF+Vo"', 'Date': 'Thu, 09 Oct 2025 03:42:59 GMT', 'Connection': 'keep-alive', 'Keep-Alive': 'timeout=5'} 
 body={"success":true,"data":{"_id":"68e57737acee46196cffd70d","customId":"2","title":"The Avengers","synopsis":"Earth's mightiest heroes must come together to save the world.","director":"Joss Whedon","genres":["Action","Adventure"],"duration":143,"classification":"PG-13","poster":"avengers.jpg","releaseDate":"2012-05-04T00:00:00.000Z","createdAt":"2025-10-07T20:25:27.571Z","__v":0,"updatedAt":"2025-10-07T20:25:27.572Z","sessions":[{"_id":"68e57737acee46196cffd71b","movie":"68e57737acee46196cffd70d","theater":"68e57737acee46196cffd710","datetime":"2025-10-07T15:00:00.000Z","fullPrice":15,"halfPrice":7.5,"seats":[{"row":"A","number":1,"status":"available"},{"row":"A","number":2,"status":"available"},{"row":"A","number":3,"status":"available"},{"row":"A","number":4,"status":"available"},{"row":"A","number":5,"status":"available"},{"row":"A","number":6,"status":"available"},{"row":"A","number":7,"status":"available"},{"row":"A","number":8,"status":"available"},{"row":"A","number":9,"status":"available"},{"row":"A","number":10,"status":"available"},{"row":"A","number":11,"status":"available"},{"row":"A","number":12,"status":"available"},{"row":"A","number":13,"status":"available"},{"row":"A","number":14,"status":"available"},{"row":"A","number":15,"status":"available"},{"row":"B","number":1,"status":"available"},{"row":"B","number":2,"status":"available"},{"row":"B","number":3,"status":"available"},{"row":"B","number":4,"status":"available"},{"row":"B","number":5,"status":"available"},{"row":"B","number":6,"status":"available"},{"row":"B","number":7,"status":"available"},{"row":"B","number":8,"status":"available"},{"row":"B","number":9,"status":"available"},{"row":"B","number":10,"status":"available"},{"row":"B","number":11,"status":"available"},{"row":"B","number":12,"status":"available"},{"row":"B","number":13,"status":"available"},{"row":"B","number":14,"status":"available"},{"row":"B","number":15,"status":"available"},{"row":"C","number":1,"status":"available"},{"row":"C","number":2,"status":"available"},{"row":"C","number":3,"status":"available"},{"row":"C","number":4,"status":"available"},{"row":"C","number":5,"status":"available"},{"row":"C","number":6,"status":"available"},{"row":"C","number":7,"status":"available"},{"row":"C","number":8,"status":"available"},{"row":"C","number":9,"status":"available"},{"row":"C","number":10,"status":"available"},{"row":"C","number":11,"status":"available"},{"row":"C","number":12,"status":"available"},{"row":"C","number":13,"status":"available"},{"row":"C","number":14,"status":"available"},{"row":"C","number":15,"status":"available"},{"row":"D","number":1,"status":"available"},{"row":"D","number":2,"status":"available"},{"row":"D","number":3,"status":"available"},{"row":"D","number":4,"status":"available"},{"row":"D","number":5,"status":"available"},{"row":"D","number":6,"status":"available"},{"row":"D","number":7,"status":"available"},{"row":"D","number":8,"status":"available"},{"row":"D","number":9,"status":"available"},{"row":"D","number":10,"status":"available"},{"row":"D","number":11,"status":"available"},{"row":"D","number":12,"status":"available"},{"row":"D","number":13,"status":"available"},{"row":"D","number":14,"status":"available"},{"row":"D","number":15,"status":"available"},{"row":"E","number":1,"status":"available"},{"row":"E","number":2,"status":"available"},{"row":"E","number":3,"status":"available"},{"row":"E","number":4,"status":"available"},{"row":"E","number":5,"status":"available"},{"row":"E","number":6,"status":"available"},{"row":"E","number":7,"status":"available"},{"row":"E","number":8,"status":"available"},{"row":"E","number":9,"status":"available"},{"row":"E","number":10,"status":"available"},{"row":"E","number":11,"status":"available"},{"row":"E","number":12,"status":"available"},{"row":"E","number":13,"status":"available"},{"row":"E","number":14,"status":"available"},{"row":"E","number":15,"status":"available"},{"row":"F","number":1,"status":"available"},{"row":"F","number":2,"status":"available"},{"row":"F","number":3,"status":"available"},{"row":"F","number":4,"status":"available"},{"row":"F","number":5,"status":"available"},{"row":"F","number":6,"status":"available"},{"row":"F","number":7,"status":"available"},{"row":"F","number":8,"status":"available"},{"row":"F","number":9,"status":"available"},{"row":"F","number":10,"status":"available"},{"row":"F","number":11,"status":"available"},{"row":"F","number":12,"status":"available"},{"row":"F","number":13,"status":"available"},{"row":"F","number":14,"status":"available"},{"row":"F","number":15,"status":"available"},{"row":"G","number":1,"status":"available"},{"row":"G","number":2,"status":"available"},{"row":"G","number":3,"status":"available"},{"row":"G","number":4,"status":"available"},{"row":"G","number":5,"status":"available"},{"row":"G","number":6,"status":"available"},{"row":"G","number":7,"status":"available"},{"row":"G","number":8,"status":"available"},{"row":"G","number":9,"status":"available"},{"row":"G","number":10,"status":"available"},{"row":"G","number":11,"status":"available"},{"row":"G","number":12,"status":"available"},{"row":"G","number":13,"status":"available"},{"row":"G","number":14,"status":"available"},{"row":"G","number":15,"status":"available"},{"row":"H","number":1,"status":"available"},{"row":"H","number":2,"status":"available"},{"row":"H","number":3,"status":"available"},{"row":"H","number":4,"status":"available"},{"row":"H","number":5,"status":"available"},{"row":"H","number":6,"status":"available"},{"row":"H","number":7,"status":"available"},{"row":"H","number":8,"status":"available"},{"row":"H","number":9,"status":"available"},{"row":"H","number":10,"status":"available"},{"row":"H","number":11,"status":"available"},{"row":"H","number":12,"status":"available"},{"row":"H","number":13,"status":"available"},{"row":"H","number":14,"status":"available"},{"row":"H","number":15,"status":"available"}],"createdAt":"2025-10-07T20:25:27.600Z","__v":0,"updatedAt":"2025-10-07T20:25:27.976Z","id":"68e57737acee46196cffd71b"},{"_id":"68e57737acee46196cffd71c","movie":"68e57737acee46196cffd70d","theater":"68e57737acee46196cffd710","datetime":"2025-10-07T19:00:00.000Z","fullPrice":15,"halfPrice":7.5,"seats":[{"row":"A","number":1,"status":"available"},{"row":"A","number":2,"status":"available"},{"row":"A","number":3,"status":"available"},{"row":"A","number":4,"status":"available"},{"row":"A","number":5,"status":"available"},{"row":"A","number":6,"status":"available"},{"row":"A","number":7,"status":"available"},{"row":"A","number":8,"status":"available"},{"row":"A","number":9,"status":"available"},{"row":"A","number":10,"status":"available"},{"row":"A","number":11,"status":"available"},{"row":"A","number":12,"status":"available"},{"row":"A","number":13,"status":"available"},{"row":"A","number":14,"status":"available"},{"row":"A","number":15,"status":"available"},{"row":"B","number":1,"status":"available"},{"row":"B","number":2,"status":"available"},{"row":"B","number":3,"status":"available"},{"row":"B","number":4,"status":"available"},{"row":"B","number":5,"status":"available"},{"row":"B","number":6,"status":"available"},{"row":"B","number":7,"status":"available"},{"row":"B","number":8,"status":"available"},{"row":"B","number":9,"status":"available"},{"row":"B","number":10,"status":"available"},{"row":"B","number":11,"status":"available"},{"row":"B","number":12,"status":"available"},{"row":"B","number":13,"status":"available"},{"row":"B","number":14,"status":"available"},{"row":"B","number":15,"status":"available"},{"row":"C","number":1,"status":"available"},{"row":"C","number":2,"status":"available"},{"row":"C","number":3,"status":"available"},{"row":"C","number":4,"status":"available"},{"row":"C","number":5,"status":"available"},{"row":"C","number":6,"status":"available"},{"row":"C","number":7,"status":"available"},{"row":"C","number":8,"status":"available"},{"row":"C","number":9,"status":"available"},{"row":"C","number":10,"status":"available"},{"row":"C","number":11,"status":"available"},{"row":"C","number":12,"status":"available"},{"row":"C","number":13,"status":"available"},{"row":"C","number":14,"status":"available"},{"row":"C","number":15,"status":"available"},{"row":"D","number":1,"status":"available"},{"row":"D","number":2,"status":"available"},{"row":"D","number":3,"status":"available"},{"row":"D","number":4,"status":"available"},{"row":"D","number":5,"status":"available"},{"row":"D","number":6,"status":"available"},{"row":"D","number":7,"status":"available"},{"row":"D","number":8,"status":"available"},{"row":"D","number":9,"status":"available"},{"row":"D","number":10,"status":"available"},{"row":"D","number":11,"status":"available"},{"row":"D","number":12,"status":"available"},{"row":"D","number":13,"status":"available"},{"row":"D","number":14,"status":"available"},{"row":"D","number":15,"status":"available"},{"row":"E","number":1,"status":"available"},{"row":"E","number":2,"status":"available"},{"row":"E","number":3,"status":"available"},{"row":"E","number":4,"status":"available"},{"row":"E","number":5,"status":"available"},{"row":"E","number":6,"status":"available"},{"row":"E","number":7,"status":"available"},{"row":"E","number":8,"status":"available"},{"row":"E","number":9,"status":"available"},{"row":"E","number":10,"status":"available"},{"row":"E","number":11,"status":"available"},{"row":"E","number":12,"status":"available"},{"row":"E","number":13,"status":"available"},{"row":"E","number":14,"status":"available"},{"row":"E","number":15,"status":"available"},{"row":"F","number":1,"status":"available"},{"row":"F","number":2,"status":"available"},{"row":"F","number":3,"status":"available"},{"row":"F","number":4,"status":"available"},{"row":"F","number":5,"status":"available"},{"row":"F","number":6,"status":"available"},{"row":"F","number":7,"status":"available"},{"row":"F","number":8,"status":"available"},{"row":"F","number":9,"status":"available"},{"row":"F","number":10,"sta... (set the log level to DEBUG or TRACE to see the full content) 
 </msg>
<msg time="2025-10-09T00:42:59.297504" level="INFO">${response} = &lt;Response [200]&gt;</msg>
<var>${response}</var>
<arg>cinema</arg>
<arg>${MOVIES}/${movie_id}</arg>
<arg>expected_status=200</arg>
<doc>Sends a GET request on a previously created HTTP Session.</doc>
<status status="PASS" start="2025-10-09T00:42:59.241504" elapsed="0.056000"/>
</kw>
<kw name="Should Be Equal As Integers" owner="BuiltIn">
<msg time="2025-10-09T00:42:59.298504" level="INFO">Argument types are:
&lt;class 'int'&gt;
&lt;class 'str'&gt;</msg>
<arg>${response.status_code}</arg>
<arg>200</arg>
<doc>Fails if objects are unequal after converting them to integers.</doc>
<status status="PASS" start="2025-10-09T00:42:59.297504" elapsed="0.001000"/>
</kw>
<kw name="Set Variable" owner="BuiltIn">
<msg time="2025-10-09T00:42:59.305504" level="INFO">${data} = {'_id': '68e57737acee46196cffd70d', 'customId': '2', 'title': 'The Avengers', 'synopsis': "Earth's mightiest heroes must come together to save the world.", 'director': 'Joss Whedon', 'genres': ['Actio...</msg>
<var>${data}</var>
<arg>${response.json()['data']}</arg>
<doc>Returns the given values which can then be assigned to a variables.</doc>
<status status="PASS" start="2025-10-09T00:42:59.298504" elapsed="0.007000"/>
</kw>
<kw name="Should Be Equal As Strings" owner="BuiltIn">
<arg>${data['_id']}</arg>
<arg>${movie_id}</arg>
<doc>Fails if objects are unequal after converting them to strings.</doc>
<status status="PASS" start="2025-10-09T00:42:59.305504" elapsed="0.000000"/>
</kw>
<kw name="Should Not Be Empty" owner="BuiltIn">
<msg time="2025-10-09T00:42:59.306504" level="INFO">Length is 12.</msg>
<arg>${data['title']}</arg>
<doc>Verifies that the given item is not empty.</doc>
<status status="PASS" start="2025-10-09T00:42:59.305504" elapsed="0.001000"/>
</kw>
<kw name="Should Not Be Empty" owner="BuiltIn">
<msg time="2025-10-09T00:42:59.306504" level="INFO">Length is 11.</msg>
<arg>${data['director']}</arg>
<doc>Verifies that the given item is not empty.</doc>
<status status="PASS" start="2025-10-09T00:42:59.306504" elapsed="0.000000"/>
</kw>
<kw name="Should Not Be Empty" owner="BuiltIn">
<msg time="2025-10-09T00:42:59.307505" level="INFO">Length is 2.</msg>
<arg>${data['genres']}</arg>
<doc>Verifies that the given item is not empty.</doc>
<status status="PASS" start="2025-10-09T00:42:59.306504" elapsed="0.001001"/>
</kw>
<kw name="Should Not Be Empty" owner="BuiltIn">
<msg time="2025-10-09T00:42:59.307505" level="INFO">Length is 24.</msg>
<arg>${data['releaseDate']}</arg>
<doc>Verifies that the given item is not empty.</doc>
<status status="PASS" start="2025-10-09T00:42:59.307505" elapsed="0.000000"/>
</kw>
<kw name="Log To Console" owner="BuiltIn">
<arg>Filme obtido com sucesso: ${data['title']} (${data['customId']})</arg>
<doc>Logs the given message to the console.</doc>
<status status="PASS" start="2025-10-09T00:42:59.307505" elapsed="0.001000"/>
</kw>
<doc>Obtém os detalhes de um filme específico pelo ID</doc>
<status status="PASS" start="2025-10-09T00:42:59.241504" elapsed="0.067001"/>
</test>
<test id="s1-s2-t3" name="Criar Filme Sem Autenticação" line="37">
<kw name="Create Dictionary" owner="BuiltIn">
<msg time="2025-10-09T00:42:59.309504" level="INFO">${body} = {'title': 'Filme Não Autorizado', 'genre': 'Ação', 'year': '2025'}</msg>
<var>${body}</var>
<arg>title=Filme Não Autorizado</arg>
<arg>genre=Ação</arg>
<arg>year=2025</arg>
<doc>Creates and returns a dictionary based on the given ``items``.</doc>
<status status="PASS" start="2025-10-09T00:42:59.309504" elapsed="0.000000"/>
</kw>
<kw name="POST On Session" owner="RequestsLibrary">
<msg time="2025-10-09T00:42:59.311505" level="INFO">POST Request : url=http://localhost:3000/api/v1/movies 
 path_url=/api/v1/movies 
 headers={'User-Agent': 'python-requests/2.32.5', 'Accept-Encoding': 'gzip, deflate', 'Accept': '*/*', 'Connection': 'keep-alive', 'Content-Length': '81', 'Content-Type': 'application/json'} 
 body=b'{"title": "Filme N\\u00e3o Autorizado", "genre": "A\\u00e7\\u00e3o", "year": "2025"}' 
 </msg>
<msg time="2025-10-09T00:42:59.311505" level="INFO">POST Response : url=http://localhost:3000/api/v1/movies 
 status=401, reason=Unauthorized 
 headers={'X-Powered-By': 'Express', 'Access-Control-Allow-Origin': '*', 'Content-Type': 'application/json; charset=utf-8', 'Content-Length': '65', 'ETag': 'W/"41-TJq3LYiwj1On+7IZ17oLU5tM1Zs"', 'Date': 'Thu, 09 Oct 2025 03:42:59 GMT', 'Connection': 'keep-alive', 'Keep-Alive': 'timeout=5'} 
 body={"success":false,"message":"Not authorized to access this route"} 
 </msg>
<msg time="2025-10-09T00:42:59.311505" level="INFO">${response} = &lt;Response [401]&gt;</msg>
<var>${response}</var>
<arg>cinema</arg>
<arg>${MOVIES}</arg>
<arg>json=${body}</arg>
<arg>expected_status=401</arg>
<doc>Sends a POST request on a previously created HTTP Session.</doc>
<status status="PASS" start="2025-10-09T00:42:59.309504" elapsed="0.002001"/>
</kw>
<kw name="Should Be Equal As Integers" owner="BuiltIn">
<msg time="2025-10-09T00:42:59.312504" level="INFO">Argument types are:
&lt;class 'int'&gt;
&lt;class 'str'&gt;</msg>
<arg>${response.status_code}</arg>
<arg>401</arg>
<doc>Fails if objects are unequal after converting them to integers.</doc>
<status status="PASS" start="2025-10-09T00:42:59.311505" elapsed="0.000999"/>
</kw>
<kw name="Log To Console" owner="BuiltIn">
<arg>Criação de filme bloqueada corretamente (não autenticado).</arg>
<doc>Logs the given message to the console.</doc>
<status status="PASS" start="2025-10-09T00:42:59.312504" elapsed="0.000000"/>
</kw>
<doc>Tenta criar um filme sem autenticação e espera erro 401</doc>
<status status="PASS" start="2025-10-09T00:42:59.308505" elapsed="0.003999"/>
</test>
<test id="s1-s2-t4" name="Obter Filme Inexistente" line="44">
<kw name="GET On Session" owner="RequestsLibrary">
<msg time="2025-10-09T00:42:59.315504" level="INFO">GET Request : url=http://localhost:3000/api/v1/movies/000000000000000000000000 
 path_url=/api/v1/movies/000000000000000000000000 
 headers={'User-Agent': 'python-requests/2.32.5', 'Accept-Encoding': 'gzip, deflate', 'Accept': '*/*', 'Connection': 'keep-alive'} 
 body=None 
 </msg>
<msg time="2025-10-09T00:42:59.315504" level="INFO">GET Response : url=http://localhost:3000/api/v1/movies/000000000000000000000000 
 status=404, reason=Not Found 
 headers={'X-Powered-By': 'Express', 'Access-Control-Allow-Origin': '*', 'Content-Type': 'application/json; charset=utf-8', 'Content-Length': '45', 'ETag': 'W/"2d-76yzoZ3aJF1oDN8vFKpqErDRmpM"', 'Date': 'Thu, 09 Oct 2025 03:42:59 GMT', 'Connection': 'keep-alive', 'Keep-Alive': 'timeout=5'} 
 body={"success":false,"message":"Movie not found"} 
 </msg>
<msg time="2025-10-09T00:42:59.315504" level="INFO">${response} = &lt;Response [404]&gt;</msg>
<var>${response}</var>
<arg>cinema</arg>
<arg>${MOVIES}/000000000000000000000000</arg>
<arg>expected_status=404</arg>
<doc>Sends a GET request on a previously created HTTP Session.</doc>
<status status="PASS" start="2025-10-09T00:42:59.313505" elapsed="0.001999"/>
</kw>
<kw name="Should Be Equal As Integers" owner="BuiltIn">
<msg time="2025-10-09T00:42:59.316504" level="INFO">Argument types are:
&lt;class 'int'&gt;
&lt;class 'str'&gt;</msg>
<arg>${response.status_code}</arg>
<arg>404</arg>
<doc>Fails if objects are unequal after converting them to integers.</doc>
<status status="PASS" start="2025-10-09T00:42:59.315504" elapsed="0.001000"/>
</kw>
<kw name="Log To Console" owner="BuiltIn">
<arg>Filme inexistente retornou 404 conforme esperado.</arg>
<doc>Logs the given message to the console.</doc>
<status status="PASS" start="2025-10-09T00:42:59.316504" elapsed="0.000000"/>
</kw>
<doc>Tenta obter um filme com ID inexistente e valida retorno 404</doc>
<status status="PASS" start="2025-10-09T00:42:59.312504" elapsed="0.004000"/>
</test>
<test id="s1-s2-t5" name="Atualizar Filme Sem Autenticação" line="50">
<kw name="Create Dictionary" owner="BuiltIn">
<msg time="2025-10-09T00:42:59.317504" level="INFO">${body} = {'title': 'Atualização Não Autorizada'}</msg>
<var>${body}</var>
<arg>title=Atualização Não Autorizada</arg>
<doc>Creates and returns a dictionary based on the given ``items``.</doc>
<status status="PASS" start="2025-10-09T00:42:59.317504" elapsed="0.000000"/>
</kw>
<kw name="PUT On Session" owner="RequestsLibrary">
<msg time="2025-10-09T00:42:59.318504" level="INFO">PUT Request : url=http://localhost:3000/api/v1/movies/000000000000000000000000 
 path_url=/api/v1/movies/000000000000000000000000 
 headers={'User-Agent': 'python-requests/2.32.5', 'Accept-Encoding': 'gzip, deflate', 'Accept': '*/*', 'Connection': 'keep-alive', 'Content-Length': '54', 'Content-Type': 'application/json'} 
 body=b'{"title": "Atualiza\\u00e7\\u00e3o N\\u00e3o Autorizada"}' 
 </msg>
<msg time="2025-10-09T00:42:59.318504" level="INFO">PUT Response : url=http://localhost:3000/api/v1/movies/000000000000000000000000 
 status=401, reason=Unauthorized 
 headers={'X-Powered-By': 'Express', 'Access-Control-Allow-Origin': '*', 'Content-Type': 'application/json; charset=utf-8', 'Content-Length': '65', 'ETag': 'W/"41-TJq3LYiwj1On+7IZ17oLU5tM1Zs"', 'Date': 'Thu, 09 Oct 2025 03:42:59 GMT', 'Connection': 'keep-alive', 'Keep-Alive': 'timeout=5'} 
 body={"success":false,"message":"Not authorized to access this route"} 
 </msg>
<msg time="2025-10-09T00:42:59.318504" level="INFO">${response} = &lt;Response [401]&gt;</msg>
<var>${response}</var>
<arg>cinema</arg>
<arg>${MOVIES}/000000000000000000000000</arg>
<arg>json=${body}</arg>
<arg>expected_status=401</arg>
<doc>Sends a PUT request on a previously created HTTP Session.</doc>
<status status="PASS" start="2025-10-09T00:42:59.317504" elapsed="0.001000"/>
</kw>
<kw name="Should Be Equal As Integers" owner="BuiltIn">
<msg time="2025-10-09T00:42:59.319504" level="INFO">Argument types are:
&lt;class 'int'&gt;
&lt;class 'str'&gt;</msg>
<arg>${response.status_code}</arg>
<arg>401</arg>
<doc>Fails if objects are unequal after converting them to integers.</doc>
<status status="PASS" start="2025-10-09T00:42:59.318504" elapsed="0.001000"/>
</kw>
<kw name="Log To Console" owner="BuiltIn">
<arg>Atualização de filme bloqueada corretamente (não autenticado).</arg>
<doc>Logs the given message to the console.</doc>
<status status="PASS" start="2025-10-09T00:42:59.319504" elapsed="0.000000"/>
</kw>
<doc>Tenta atualizar um filme sem autenticação e espera erro 401</doc>
<status status="PASS" start="2025-10-09T00:42:59.316504" elapsed="0.003000"/>
</test>
<test id="s1-s2-t6" name="Deletar Filme Sem Autenticação" line="57">
<kw name="DELETE On Session" owner="RequestsLibrary">
<msg time="2025-10-09T00:42:59.321504" level="INFO">DELETE Request : url=http://localhost:3000/api/v1/movies/000000000000000000000000 
 path_url=/api/v1/movies/000000000000000000000000 
 headers={'User-Agent': 'python-requests/2.32.5', 'Accept-Encoding': 'gzip, deflate', 'Accept': '*/*', 'Connection': 'keep-alive', 'Content-Length': '0'} 
 body=None 
 </msg>
<msg time="2025-10-09T00:42:59.321504" level="INFO">DELETE Response : url=http://localhost:3000/api/v1/movies/000000000000000000000000 
 status=401, reason=Unauthorized 
 headers={'X-Powered-By': 'Express', 'Access-Control-Allow-Origin': '*', 'Content-Type': 'application/json; charset=utf-8', 'Content-Length': '65', 'ETag': 'W/"41-TJq3LYiwj1On+7IZ17oLU5tM1Zs"', 'Date': 'Thu, 09 Oct 2025 03:42:59 GMT', 'Connection': 'keep-alive', 'Keep-Alive': 'timeout=5'} 
 body={"success":false,"message":"Not authorized to access this route"} 
 </msg>
<msg time="2025-10-09T00:42:59.321504" level="INFO">${response} = &lt;Response [401]&gt;</msg>
<var>${response}</var>
<arg>cinema</arg>
<arg>${MOVIES}/000000000000000000000000</arg>
<arg>expected_status=401</arg>
<doc>Sends a DELETE request on a previously created HTTP Session.</doc>
<status status="PASS" start="2025-10-09T00:42:59.320504" elapsed="0.001000"/>
</kw>
<kw name="Should Be Equal As Integers" owner="BuiltIn">
<msg time="2025-10-09T00:42:59.321504" level="INFO">Argument types are:
&lt;class 'int'&gt;
&lt;class 'str'&gt;</msg>
<arg>${response.status_code}</arg>
<arg>401</arg>
<doc>Fails if objects are unequal after converting them to integers.</doc>
<status status="PASS" start="2025-10-09T00:42:59.321504" elapsed="0.000000"/>
</kw>
<kw name="Log To Console" owner="BuiltIn">
<arg>Exclusão de filme bloqueada corretamente (não autenticado).</arg>
<doc>Logs the given message to the console.</doc>
<status status="PASS" start="2025-10-09T00:42:59.321504" elapsed="0.001000"/>
</kw>
<doc>Tenta deletar um filme sem autenticação e espera erro 401</doc>
<status status="PASS" start="2025-10-09T00:42:59.319504" elapsed="0.003000"/>
</test>
<kw name="Delete All Sessions" owner="RequestsLibrary" type="TEARDOWN">
<msg time="2025-10-09T00:42:59.322504" level="INFO">Deleting All Sessions</msg>
<doc>Removes all the session objects</doc>
<status status="PASS" start="2025-10-09T00:42:59.322504" elapsed="0.000000"/>
</kw>
<doc>Testes de CRUD de filmes do Cinema APP sem autenticação do admin</doc>
<status status="PASS" start="2025-10-09T00:42:59.229504" elapsed="0.093000"/>
</suite>
<suite id="s1-s3" name="Sessions Tests" source="C:\Users\kaiol\challengeFinal\back\tests_api\suites\sessions_tests.robot">
<kw name="Create Session" owner="RequestsLibrary" type="SETUP">
<msg time="2025-10-09T00:42:59.326504" level="INFO">Creating Session using : alias=cinema, url=http://localhost:3000/api/v1, headers={},                     cookies={}, auth=None, timeout=None, proxies=None, verify=False,                     debug=0 </msg>
<arg>cinema</arg>
<arg>${BASE_URL}</arg>
<doc>Create Session: create a HTTP session to a server</doc>
<status status="PASS" start="2025-10-09T00:42:59.326504" elapsed="0.000000"/>
</kw>
<test id="s1-s3-t1" name="Listar Todas As Sessões" line="13">
<kw name="GET On Session" owner="RequestsLibrary">
<msg time="2025-10-09T00:42:59.341505" level="INFO">GET Request : url=http://localhost:3000/api/v1/sessions 
 path_url=/api/v1/sessions 
 headers={'User-Agent': 'python-requests/2.32.5', 'Accept-Encoding': 'gzip, deflate', 'Accept': '*/*', 'Connection': 'keep-alive'} 
 body=None 
 </msg>
<msg time="2025-10-09T00:42:59.341505" level="INFO">GET Response : url=http://localhost:3000/api/v1/sessions 
 status=200, reason=OK 
 headers={'X-Powered-By': 'Express', 'Access-Control-Allow-Origin': '*', 'Content-Type': 'application/json; charset=utf-8', 'Content-Length': '44725', 'ETag': 'W/"aeb5-vEC7M37jDSKoSF9uJpNyb/Hzosg"', 'Date': 'Thu, 09 Oct 2025 03:42:59 GMT', 'Connection': 'keep-alive', 'Keep-Alive': 'timeout=5'} 
 body={"success":true,"count":10,"pagination":{"next":{"page":2,"limit":10}},"data":[{"_id":"68e57737acee46196cffd71f","movie":{"_id":"68e57737acee46196cffd70d","title":"The Avengers","duration":143,"poster":"avengers.jpg","id":"68e57737acee46196cffd70d"},"theater":{"_id":"68e57737acee46196cffd712","name":"Theater 3","type":"IMAX","id":"68e57737acee46196cffd712"},"datetime":"2025-10-07T15:00:00.000Z","fullPrice":15,"halfPrice":7.5,"seats":[{"row":"A","number":1,"status":"available"},{"row":"A","number":2,"status":"available"},{"row":"A","number":3,"status":"available"},{"row":"A","number":4,"status":"available"},{"row":"A","number":5,"status":"available"},{"row":"A","number":6,"status":"available"},{"row":"A","number":7,"status":"available"},{"row":"A","number":8,"status":"available"},{"row":"B","number":1,"status":"available"},{"row":"B","number":2,"status":"available"},{"row":"B","number":3,"status":"available"},{"row":"B","number":4,"status":"available"},{"row":"B","number":5,"status":"available"},{"row":"B","number":6,"status":"available"},{"row":"B","number":7,"status":"available"},{"row":"B","number":8,"status":"available"},{"row":"C","number":1,"status":"available"},{"row":"C","number":2,"status":"available"},{"row":"C","number":3,"status":"available"},{"row":"C","number":4,"status":"available"},{"row":"C","number":5,"status":"available"},{"row":"C","number":6,"status":"available"},{"row":"C","number":7,"status":"available"},{"row":"C","number":8,"status":"available"},{"row":"D","number":1,"status":"available"},{"row":"D","number":2,"status":"available"},{"row":"D","number":3,"status":"available"},{"row":"D","number":4,"status":"available"},{"row":"D","number":5,"status":"available"},{"row":"D","number":6,"status":"available"},{"row":"D","number":7,"status":"available"},{"row":"D","number":8,"status":"available"},{"row":"E","number":1,"status":"available"},{"row":"E","number":2,"status":"available"},{"row":"E","number":3,"status":"available"},{"row":"E","number":4,"status":"available"},{"row":"E","number":5,"status":"available"},{"row":"E","number":6,"status":"available"},{"row":"E","number":7,"status":"available"},{"row":"E","number":8,"status":"available"},{"row":"F","number":1,"status":"available"},{"row":"F","number":2,"status":"available"},{"row":"F","number":3,"status":"available"},{"row":"F","number":4,"status":"available"},{"row":"F","number":5,"status":"available"},{"row":"F","number":6,"status":"available"},{"row":"F","number":7,"status":"available"},{"row":"F","number":8,"status":"available"},{"row":"G","number":1,"status":"available"},{"row":"G","number":2,"status":"available"},{"row":"G","number":3,"status":"available"},{"row":"G","number":4,"status":"available"},{"row":"G","number":5,"status":"available"},{"row":"G","number":6,"status":"available"},{"row":"G","number":7,"status":"available"},{"row":"G","number":8,"status":"available"},{"row":"H","number":1,"status":"available"},{"row":"H","number":2,"status":"available"},{"row":"H","number":3,"status":"available"},{"row":"H","number":4,"status":"available"}],"createdAt":"2025-10-07T20:25:27.609Z","__v":0,"updatedAt":"2025-10-07T20:25:27.977Z","id":"68e57737acee46196cffd71f"},{"_id":"68e57737acee46196cffd71d","movie":{"_id":"68e57737acee46196cffd70d","title":"The Avengers","duration":143,"poster":"avengers.jpg","id":"68e57737acee46196cffd70d"},"theater":{"_id":"68e57737acee46196cffd711","name":"Theater 2","type":"3D","id":"68e57737acee46196cffd711"},"datetime":"2025-10-07T15:00:00.000Z","fullPrice":15,"halfPrice":7.5,"seats":[{"row":"A","number":1,"status":"available"},{"row":"A","number":2,"status":"available"},{"row":"A","number":3,"status":"available"},{"row":"A","number":4,"status":"available"},{"row":"A","number":5,"status":"available"},{"row":"A","number":6,"status":"available"},{"row":"A","number":7,"status":"available"},{"row":"A","number":8,"status":"available"},{"row":"A","number":9,"status":"available"},{"row":"A","number":10,"status":"available"},{"row":"B","number":1,"status":"available"},{"row":"B","number":2,"status":"available"},{"row":"B","number":3,"status":"available"},{"row":"B","number":4,"status":"available"},{"row":"B","number":5,"status":"available"},{"row":"B","number":6,"status":"available"},{"row":"B","number":7,"status":"available"},{"row":"B","number":8,"status":"available"},{"row":"B","number":9,"status":"available"},{"row":"B","number":10,"status":"available"},{"row":"C","number":1,"status":"available"},{"row":"C","number":2,"status":"available"},{"row":"C","number":3,"status":"available"},{"row":"C","number":4,"status":"available"},{"row":"C","number":5,"status":"available"},{"row":"C","number":6,"status":"available"},{"row":"C","number":7,"status":"available"},{"row":"C","number":8,"status":"available"},{"row":"C","number":9,"status":"available"},{"row":"C","number":10,"status":"available"},{"row":"D","number":1,"status":"available"},{"row":"D","number":2,"status":"available"},{"row":"D","number":3,"status":"available"},{"row":"D","number":4,"status":"available"},{"row":"D","number":5,"status":"available"},{"row":"D","number":6,"status":"available"},{"row":"D","number":7,"status":"available"},{"row":"D","number":8,"status":"available"},{"row":"D","number":9,"status":"available"},{"row":"D","number":10,"status":"available"},{"row":"E","number":1,"status":"available"},{"row":"E","number":2,"status":"available"},{"row":"E","number":3,"status":"available"},{"row":"E","number":4,"status":"available"},{"row":"E","number":5,"status":"available"},{"row":"E","number":6,"status":"available"},{"row":"E","number":7,"status":"available"},{"row":"E","number":8,"status":"available"},{"row":"E","number":9,"status":"available"},{"row":"E","number":10,"status":"available"},{"row":"F","number":1,"status":"available"},{"row":"F","number":2,"status":"available"},{"row":"F","number":3,"status":"available"},{"row":"F","number":4,"status":"available"},{"row":"F","number":5,"status":"available"},{"row":"F","number":6,"status":"available"},{"row":"F","number":7,"status":"available"},{"row":"F","number":8,"status":"available"},{"row":"F","number":9,"status":"available"},{"row":"F","number":10,"status":"available"},{"row":"G","number":1,"status":"available"},{"row":"G","number":2,"status":"available"},{"row":"G","number":3,"status":"available"},{"row":"G","number":4,"status":"available"},{"row":"G","number":5,"status":"available"},{"row":"G","number":6,"status":"available"},{"row":"G","number":7,"status":"available"},{"row":"G","number":8,"status":"available"},{"row":"G","number":9,"status":"available"},{"row":"G","number":10,"status":"available"},{"row":"H","number":1,"status":"available"},{"row":"H","number":2,"status":"available"},{"row":"H","number":3,"status":"available"},{"row":"H","number":4,"status":"available"},{"row":"H","number":5,"status":"available"},{"row":"H","number":6,"status":"available"},{"row":"H","number":7,"status":"available"},{"row":"H","number":8,"status":"available"},{"row":"H","number":9,"status":"available"},{"row":"H","number":10,"status":"available"}],"createdAt":"2025-10-07T20:25:27.605Z","__v":0,"updatedAt":"2025-10-07T20:25:27.977Z","id":"68e57737acee46196cffd71d"},{"_id":"68e57737acee46196cffd725","movie":{"_id":"68e57737acee46196cffd70e","title":"The Shawshank Redemption","duration":142,"poster":"shawshank.jpg","id":"68e57737acee46196cffd70e"},"theater":{"_id":"68e57737acee46196cffd711","name":"Theater 2","type":"3D","id":"68e57737acee46196cffd711"},"datetime":"2025-10-07T15:00:00.000Z","fullPrice":15,"halfPrice":7.5,"seats":[{"row":"A","number":1,"status":"available"},{"row":"A","number":2,"status":"available"},{"row":"A","number":3,"status":"available"},{"row":"A","number":4,"status":"available"},{"row":"A","number":5,"status":"available"},{"row":"A","number":6,"status":"available"},{"row":"A","number":7,"status":"available"},{"row":"A","number":8,"status":"available"},{"row":"A","number":9,"status":"available"},{"row":"A","number":10,"status":"available"},{"row":"B","number":1,"status":"available"},{"row":"B","number":2,"status":"available"},{"row":"B","number":3,"status":"available"},{"row":"B","number":4,"status":"available"},{"row":"B","number":5,"status":"available"},{"row":"B","number":6,"status":"available"},{"row":"B","number":7,"status":"available"},{"row":"B","number":8,"status":"available"},{"row":"B","number":9,"status":"available"},{"row":"B","number":10,"status":"available"},{"row":"C","number":1,"status":"available"},{"row":"C","number":2,"status":"available"},{"row":"C","number":3,"status":"available"},{"row":"C","number":4,"status":"available"},{"row":"C","number":5,"status":"available"},{"row":"C","number":6,"status":"available"},{"row":"C","number":7,"status":"available"},{"row":"C","number":8,"status":"available"},{"row":"C","number":9,"status":"available"},{"row":"C","number":10,"status":"available"},{"row":"D","number":1,"status":"available"},{"row":"D","number":2,"status":"available"},{"row":"D","number":3,"status":"available"},{"row":"D","number":4,"status":"available"},{"row":"D","number":5,"status":"available"},{"row":"D","number":6,"status":"available"},{"row":"D","number":7,"status":"available"},{"row":"D","number":8,"status":"available"},{"row":"D","number":9,"status":"available"},{"row":"D","number":10,"status":"available"},{"row":"E","number":1,"status":"available"},{"row":"E","number":2,"status":"available"},{"row":"E","number":3,"status":"available"},{"row":"E","number":4,"status":"available"},{"row":"E","number":5,"status":"available"},{"row":"E","number":6,"status":"available"},{"row":"E","number":7,"status":"available"},{"row":"E","number":8,"status":"available"},{"row":"E","number":9,"status":"available"},{"row":"E","number":10,"status":"available"},{"row":"F","number":1,"status":"available"},{"row":"F","number":2,"status":"available"},{"row":"F","number":3,"status":"available"},{"row":"F","number":4,"status":"available"},{"row":"F","number":5,"status":"available"},{"... (set the log level to DEBUG or TRACE to see the full content) 
 </msg>
<msg time="2025-10-09T00:42:59.342504" level="INFO">${response} = &lt;Response [200]&gt;</msg>
<var>${response}</var>
<arg>cinema</arg>
<arg>${SESSIONS}</arg>
<doc>Sends a GET request on a previously created HTTP Session.</doc>
<status status="PASS" start="2025-10-09T00:42:59.327504" elapsed="0.015000"/>
</kw>
<kw name="Should Be Equal As Integers" owner="BuiltIn">
<msg time="2025-10-09T00:42:59.342504" level="INFO">Argument types are:
&lt;class 'int'&gt;
&lt;class 'str'&gt;</msg>
<arg>${response.status_code}</arg>
<arg>200</arg>
<doc>Fails if objects are unequal after converting them to integers.</doc>
<status status="PASS" start="2025-10-09T00:42:59.342504" elapsed="0.000000"/>
</kw>
<kw name="Set Variable" owner="BuiltIn">
<msg time="2025-10-09T00:42:59.344504" level="INFO">${data} = [{'_id': '68e57737acee46196cffd71f', 'movie': {'_id': '68e57737acee46196cffd70d', 'title': 'The Avengers', 'duration': 143, 'poster': 'avengers.jpg', 'id': '68e57737acee46196cffd70d'}, 'theater': {'_i...</msg>
<var>${data}</var>
<arg>${response.json()['data']}</arg>
<doc>Returns the given values which can then be assigned to a variables.</doc>
<status status="PASS" start="2025-10-09T00:42:59.343504" elapsed="0.001000"/>
</kw>
<kw name="Should Be True" owner="BuiltIn">
<arg>${data} != []</arg>
<doc>Fails if the given condition is not true.</doc>
<status status="PASS" start="2025-10-09T00:42:59.344504" elapsed="0.011000"/>
</kw>
<kw name="Log To Console" owner="BuiltIn">
<arg>Lista de sessões obtida com sucesso.</arg>
<doc>Logs the given message to the console.</doc>
<status status="PASS" start="2025-10-09T00:42:59.355504" elapsed="0.000000"/>
</kw>
<doc>Obtém a lista de todas as sessões e valida retorno 200</doc>
<status status="PASS" start="2025-10-09T00:42:59.326504" elapsed="0.029000"/>
</test>
<test id="s1-s3-t2" name="Obter Sessão Por ID" line="22">
<kw name="Set Variable" owner="BuiltIn">
<msg time="2025-10-09T00:42:59.356504" level="INFO">${session_id} = 68e57737acee46196cffd714</msg>
<var>${session_id}</var>
<arg>68e57737acee46196cffd714</arg>
<doc>Returns the given values which can then be assigned to a variables.</doc>
<status status="PASS" start="2025-10-09T00:42:59.356504" elapsed="0.000000"/>
</kw>
<kw name="GET On Session" owner="RequestsLibrary">
<msg time="2025-10-09T00:42:59.361505" level="INFO">GET Request : url=http://localhost:3000/api/v1/sessions/68e57737acee46196cffd714 
 path_url=/api/v1/sessions/68e57737acee46196cffd714 
 headers={'User-Agent': 'python-requests/2.32.5', 'Accept-Encoding': 'gzip, deflate', 'Accept': '*/*', 'Connection': 'keep-alive'} 
 body=None 
 </msg>
<msg time="2025-10-09T00:42:59.362503" level="INFO">GET Response : url=http://localhost:3000/api/v1/sessions/68e57737acee46196cffd714 
 status=200, reason=OK 
 headers={'X-Powered-By': 'Express', 'Access-Control-Allow-Origin': '*', 'Content-Type': 'application/json; charset=utf-8', 'Content-Length': '6246', 'ETag': 'W/"1866-UsBGRTSI6j3IUCJ/qYs+wrqpz8k"', 'Date': 'Thu, 09 Oct 2025 03:42:59 GMT', 'Connection': 'keep-alive', 'Keep-Alive': 'timeout=5'} 
 body={"success":true,"data":{"_id":"68e57737acee46196cffd714","movie":{"_id":"68e57737acee46196cffd70c","customId":"1","title":"Inception","synopsis":"A thief who enters the dreams of others to steal their secrets.","director":"Christopher Nolan","genres":["Science Fiction","Action"],"duration":148,"classification":"PG-13","poster":"inception.jpg","releaseDate":"2010-07-16T00:00:00.000Z","createdAt":"2025-10-07T20:25:27.571Z","__v":0,"updatedAt":"2025-10-07T20:25:27.572Z","id":"68e57737acee46196cffd70c"},"theater":{"_id":"68e57737acee46196cffd710","name":"Theater 1","capacity":120,"type":"standard","createdAt":"2025-10-07T20:25:27.574Z","__v":0,"updatedAt":"2025-10-07T20:25:27.574Z","id":"68e57737acee46196cffd710"},"datetime":"2025-10-07T15:00:00.000Z","fullPrice":15,"halfPrice":7.5,"seats":[{"row":"A","number":1,"status":"available"},{"row":"A","number":2,"status":"available"},{"row":"A","number":3,"status":"available"},{"row":"A","number":4,"status":"available"},{"row":"A","number":5,"status":"available"},{"row":"A","number":6,"status":"available"},{"row":"A","number":7,"status":"available"},{"row":"A","number":8,"status":"available"},{"row":"A","number":9,"status":"available"},{"row":"A","number":10,"status":"available"},{"row":"A","number":11,"status":"available"},{"row":"A","number":12,"status":"available"},{"row":"A","number":13,"status":"available"},{"row":"A","number":14,"status":"available"},{"row":"A","number":15,"status":"available"},{"row":"B","number":1,"status":"available"},{"row":"B","number":2,"status":"available"},{"row":"B","number":3,"status":"available"},{"row":"B","number":4,"status":"available"},{"row":"B","number":5,"status":"available"},{"row":"B","number":6,"status":"available"},{"row":"B","number":7,"status":"available"},{"row":"B","number":8,"status":"available"},{"row":"B","number":9,"status":"available"},{"row":"B","number":10,"status":"available"},{"row":"B","number":11,"status":"available"},{"row":"B","number":12,"status":"available"},{"row":"B","number":13,"status":"available"},{"row":"B","number":14,"status":"available"},{"row":"B","number":15,"status":"available"},{"row":"C","number":1,"status":"available"},{"row":"C","number":2,"status":"available"},{"row":"C","number":3,"status":"available"},{"row":"C","number":4,"status":"available"},{"row":"C","number":5,"status":"available"},{"row":"C","number":6,"status":"available"},{"row":"C","number":7,"status":"available"},{"row":"C","number":8,"status":"available"},{"row":"C","number":9,"status":"available"},{"row":"C","number":10,"status":"available"},{"row":"C","number":11,"status":"available"},{"row":"C","number":12,"status":"available"},{"row":"C","number":13,"status":"available"},{"row":"C","number":14,"status":"available"},{"row":"C","number":15,"status":"available"},{"row":"D","number":1,"status":"available"},{"row":"D","number":2,"status":"available"},{"row":"D","number":3,"status":"available"},{"row":"D","number":4,"status":"available"},{"row":"D","number":5,"status":"available"},{"row":"D","number":6,"status":"available"},{"row":"D","number":7,"status":"available"},{"row":"D","number":8,"status":"available"},{"row":"D","number":9,"status":"available"},{"row":"D","number":10,"status":"available"},{"row":"D","number":11,"status":"available"},{"row":"D","number":12,"status":"available"},{"row":"D","number":13,"status":"available"},{"row":"D","number":14,"status":"available"},{"row":"D","number":15,"status":"available"},{"row":"E","number":1,"status":"available"},{"row":"E","number":2,"status":"available"},{"row":"E","number":3,"status":"available"},{"row":"E","number":4,"status":"available"},{"row":"E","number":5,"status":"available"},{"row":"E","number":6,"status":"available"},{"row":"E","number":7,"status":"available"},{"row":"E","number":8,"status":"available"},{"row":"E","number":9,"status":"available"},{"row":"E","number":10,"status":"available"},{"row":"E","number":11,"status":"available"},{"row":"E","number":12,"status":"available"},{"row":"E","number":13,"status":"available"},{"row":"E","number":14,"status":"available"},{"row":"E","number":15,"status":"available"},{"row":"F","number":1,"status":"available"},{"row":"F","number":2,"status":"available"},{"row":"F","number":3,"status":"available"},{"row":"F","number":4,"status":"available"},{"row":"F","number":5,"status":"available"},{"row":"F","number":6,"status":"available"},{"row":"F","number":7,"status":"available"},{"row":"F","number":8,"status":"available"},{"row":"F","number":9,"status":"available"},{"row":"F","number":10,"status":"available"},{"row":"F","number":11,"status":"available"},{"row":"F","number":12,"status":"available"},{"row":"F","number":13,"status":"available"},{"row":"F","number":14,"status":"available"},{"row":"F","number":15,"status":"available"},{"row":"G","number":1,"status":"available"},{"row":"G","number":2,"status":"available"},{"row":"G","number":3,"status":"available"},{"row":"G","number":4,"status":"available"},{"row":"G","number":5,"status":"available"},{"row":"G","number":6,"status":"available"},{"row":"G","number":7,"status":"available"},{"row":"G","number":8,"status":"available"},{"row":"G","number":9,"status":"available"},{"row":"G","number":10,"status":"available"},{"row":"G","number":11,"status":"available"},{"row":"G","number":12,"status":"available"},{"row":"G","number":13,"status":"available"},{"row":"G","number":14,"status":"available"},{"row":"G","number":15,"status":"available"},{"row":"H","number":1,"status":"available"},{"row":"H","number":2,"status":"available"},{"row":"H","number":3,"status":"available"},{"row":"H","number":4,"status":"available"},{"row":"H","number":5,"status":"available"},{"row":"H","number":6,"status":"available"},{"row":"H","number":7,"status":"available"},{"row":"H","number":8,"status":"available"},{"row":"H","number":9,"status":"available"},{"row":"H","number":10,"status":"available"},{"row":"H","number":11,"status":"available"},{"row":"H","number":12,"status":"available"},{"row":"H","number":13,"status":"available"},{"row":"H","number":14,"status":"available"},{"row":"H","number":15,"status":"available"}],"createdAt":"2025-10-07T20:25:27.583Z","__v":0,"updatedAt":"2025-10-07T20:25:27.974Z","id":"68e57737acee46196cffd714"}} 
 </msg>
<msg time="2025-10-09T00:42:59.362503" level="INFO">${response} = &lt;Response [200]&gt;</msg>
<var>${response}</var>
<arg>cinema</arg>
<arg>${SESSIONS}/${session_id}</arg>
<arg>expected_status=200</arg>
<doc>Sends a GET request on a previously created HTTP Session.</doc>
<status status="PASS" start="2025-10-09T00:42:59.356504" elapsed="0.005999"/>
</kw>
<kw name="Should Be Equal As Integers" owner="BuiltIn">
<msg time="2025-10-09T00:42:59.362503" level="INFO">Argument types are:
&lt;class 'int'&gt;
&lt;class 'str'&gt;</msg>
<arg>${response.status_code}</arg>
<arg>200</arg>
<doc>Fails if objects are unequal after converting them to integers.</doc>
<status status="PASS" start="2025-10-09T00:42:59.362503" elapsed="0.000000"/>
</kw>
<kw name="Set Variable" owner="BuiltIn">
<msg time="2025-10-09T00:42:59.363504" level="INFO">${data} = {'_id': '68e57737acee46196cffd714', 'movie': {'_id': '68e57737acee46196cffd70c', 'customId': '1', 'title': 'Inception', 'synopsis': 'A thief who enters the dreams of others to steal their secrets.', '...</msg>
<var>${data}</var>
<arg>${response.json()['data']}</arg>
<doc>Returns the given values which can then be assigned to a variables.</doc>
<status status="PASS" start="2025-10-09T00:42:59.362503" elapsed="0.001001"/>
</kw>
<kw name="Should Be Equal As Strings" owner="BuiltIn">
<arg>${data['_id']}</arg>
<arg>${session_id}</arg>
<doc>Fails if objects are unequal after converting them to strings.</doc>
<status status="PASS" start="2025-10-09T00:42:59.363504" elapsed="0.000000"/>
</kw>
<kw name="Should Not Be Empty" owner="BuiltIn">
<msg time="2025-10-09T00:42:59.364504" level="INFO">Length is 14.</msg>
<arg>${data['movie']}</arg>
<doc>Verifies that the given item is not empty.</doc>
<status status="PASS" start="2025-10-09T00:42:59.364504" elapsed="0.000000"/>
</kw>
<kw name="Should Not Be Empty" owner="BuiltIn">
<msg time="2025-10-09T00:42:59.364504" level="INFO">Length is 8.</msg>
<arg>${data['theater']}</arg>
<doc>Verifies that the given item is not empty.</doc>
<status status="PASS" start="2025-10-09T00:42:59.364504" elapsed="0.000000"/>
</kw>
<kw name="Should Not Be Empty" owner="BuiltIn">
<msg time="2025-10-09T00:42:59.365512" level="INFO">Length is 24.</msg>
<arg>${data['datetime']}</arg>
<doc>Verifies that the given item is not empty.</doc>
<status status="PASS" start="2025-10-09T00:42:59.364504" elapsed="0.001008"/>
</kw>
<kw name="Should Be Equal As Numbers" owner="BuiltIn">
<msg time="2025-10-09T00:42:59.365512" level="INFO">Argument types are:
&lt;class 'int'&gt;
&lt;class 'str'&gt;</msg>
<arg>${data['fullPrice']}</arg>
<arg>15</arg>
<doc>Fails if objects are unequal after converting them to real numbers.</doc>
<status status="PASS" start="2025-10-09T00:42:59.365512" elapsed="0.000000"/>
</kw>
<kw name="Should Be Equal As Numbers" owner="BuiltIn">
<msg time="2025-10-09T00:42:59.366504" level="INFO">Argument types are:
&lt;class 'float'&gt;
&lt;class 'str'&gt;</msg>
<arg>${data['halfPrice']}</arg>
<arg>7.5</arg>
<doc>Fails if objects are unequal after converting them to real numbers.</doc>
<status status="PASS" start="2025-10-09T00:42:59.365512" elapsed="0.000992"/>
</kw>
<kw name="Should Be True" owner="BuiltIn">
<arg>${data['seats']} != []</arg>
<doc>Fails if the given condition is not true.</doc>
<status status="PASS" start="2025-10-09T00:42:59.366504" elapsed="0.002001"/>
</kw>
<kw name="Log To Console" owner="BuiltIn">
<arg>Sessão obtida com sucesso: Movie ID ${data['movie']}</arg>
<doc>Logs the given message to the console.</doc>
<status status="PASS" start="2025-10-09T00:42:59.368505" elapsed="0.000000"/>
</kw>
<doc>Obtém os detalhes de uma sessão específica pelo ID</doc>
<status status="PASS" start="2025-10-09T00:42:59.355504" elapsed="0.013001"/>
</test>
<test id="s1-s3-t3" name="Obter Sessão Inexistente" line="39">
<kw name="Set Variable" owner="BuiltIn">
<msg time="2025-10-09T00:42:59.369507" level="INFO">${invalid_id} = 000000000000000000000000</msg>
<var>${invalid_id}</var>
<arg>000000000000000000000000</arg>
<doc>Returns the given values which can then be assigned to a variables.</doc>
<status status="PASS" start="2025-10-09T00:42:59.369507" elapsed="0.000000"/>
</kw>
<kw name="GET On Session" owner="RequestsLibrary">
<msg time="2025-10-09T00:42:59.371505" level="INFO">GET Request : url=http://localhost:3000/api/v1/sessions/000000000000000000000000 
 path_url=/api/v1/sessions/000000000000000000000000 
 headers={'User-Agent': 'python-requests/2.32.5', 'Accept-Encoding': 'gzip, deflate', 'Accept': '*/*', 'Connection': 'keep-alive'} 
 body=None 
 </msg>
<msg time="2025-10-09T00:42:59.371505" level="INFO">GET Response : url=http://localhost:3000/api/v1/sessions/000000000000000000000000 
 status=404, reason=Not Found 
 headers={'X-Powered-By': 'Express', 'Access-Control-Allow-Origin': '*', 'Content-Type': 'application/json; charset=utf-8', 'Content-Length': '47', 'ETag': 'W/"2f-gPLtKJslxPBDHKqS0svu5pI/VCc"', 'Date': 'Thu, 09 Oct 2025 03:42:59 GMT', 'Connection': 'keep-alive', 'Keep-Alive': 'timeout=5'} 
 body={"success":false,"message":"Session not found"} 
 </msg>
<msg time="2025-10-09T00:42:59.371505" level="INFO">${response} = &lt;Response [404]&gt;</msg>
<var>${response}</var>
<arg>cinema</arg>
<arg>${SESSIONS}/${invalid_id}</arg>
<arg>expected_status=404</arg>
<doc>Sends a GET request on a previously created HTTP Session.</doc>
<status status="PASS" start="2025-10-09T00:42:59.369507" elapsed="0.001998"/>
</kw>
<kw name="Should Be Equal As Integers" owner="BuiltIn">
<msg time="2025-10-09T00:42:59.371505" level="INFO">Argument types are:
&lt;class 'int'&gt;
&lt;class 'str'&gt;</msg>
<arg>${response.status_code}</arg>
<arg>404</arg>
<doc>Fails if objects are unequal after converting them to integers.</doc>
<status status="PASS" start="2025-10-09T00:42:59.371505" elapsed="0.000999"/>
</kw>
<kw name="Log To Console" owner="BuiltIn">
<arg>Sessão inexistente retornou 404 conforme esperado.</arg>
<doc>Logs the given message to the console.</doc>
<status status="PASS" start="2025-10-09T00:42:59.372504" elapsed="0.000000"/>
</kw>
<doc>Tenta obter uma sessão com ID inexistente e valida retorno 404</doc>
<status status="PASS" start="2025-10-09T00:42:59.368505" elapsed="0.003999"/>
</test>
[...]
fd710","datetime":"2025-10-07T15:00:00.000Z","fullPrice":15,"halfPrice":7.5,"seats":[{"row":"A","number":1,"status":"available"},{"row":"A","number":2,"status":"available"},{"row":"A","number":3,"status":"available"},{"row":"A","number":4,"status":"available"},{"row":"A","number":5,"status":"available"},{"row":"A","number":6,"status":"available"},{"row":"A","number":7,"status":"available"},{"row":"A","number":8,"status":"available"},{"row":"A","number":9,"status":"available"},{"row":"A","number":10,"status":"available"},{"row":"A","number":11,"status":"available"},{"row":"A","number":12,"status":"available"},{"row":"A","number":13,"status":"available"},{"row":"A","number":14,"status":"available"},{"row":"A","number":15,"status":"available"},{"row":"B","number":1,"status":"available"},{"row":"B","number":2,"status":"available"},{"row":"B","number":3,"status":"available"},{"row":"B","number":4,"status":"available"},{"row":"B","number":5,"status":"available"},{"row":"B","number":6,"status":"available"},{"row":"B","number":7,"status":"available"},{"row":"B","number":8,"status":"available"},{"row":"B","number":9,"status":"available"},{"row":"B","number":10,"status":"available"},{"row":"B","number":11,"status":"available"},{"row":"B","number":12,"status":"available"},{"row":"B","number":13,"status":"available"},{"row":"B","number":14,"status":"available"},{"row":"B","number":15,"status":"available"},{"row":"C","number":1,"status":"available"},{"row":"C","number":2,"status":"available"},{"row":"C","number":3,"status":"available"},{"row":"C","number":4,"status":"available"},{"row":"C","number":5,"status":"available"},{"row":"C","number":6,"status":"available"},{"row":"C","number":7,"status":"available"},{"row":"C","number":8,"status":"available"},{"row":"C","number":9,"status":"available"},{"row":"C","number":10,"status":"available"},{"row":"C","number":11,"status":"available"},{"row":"C","number":12,"status":"available"},{"row":"C","number":13,"status":"available"},{"row":"C","number":14,"status":"available"},{"row":"C","number":15,"status":"available"},{"row":"D","number":1,"status":"available"},{"row":"D","number":2,"status":"available"},{"row":"D","number":3,"status":"available"},{"row":"D","number":4,"status":"available"},{"row":"D","number":5,"status":"available"},{"row":"D","number":6,"status":"available"},{"row":"D","number":7,"status":"available"},{"row":"D","number":8,"status":"available"},{"row":"D","number":9,"status":"available"},{"row":"D","number":10,"status":"available"},{"row":"D","number":11,"status":"available"},{"row":"D","number":12,"status":"available"},{"row":"D","number":13,"status":"available"},{"row":"D","number":14,"status":"available"},{"row":"D","number":15,"status":"available"},{"row":"E","number":1,"status":"available"},{"row":"E","number":2,"status":"available"},{"row":"E","number":3,"status":"available"},{"row":"E","number":4,"status":"available"},{"row":"E","number":5,"status":"available"},{"row":"E","number":6,"status":"available"},{"row":"E","number":7,"status":"available"},{"row":"E","number":8,"status":"available"},{"row":"E","number":9,"status":"available"},{"row":"E","number":10,"status":"available"},{"row":"E","number":11,"status":"available"},{"row":"E","number":12,"status":"available"},{"row":"E","number":13,"status":"available"},{"row":"E","number":14,"status":"available"},{"row":"E","number":15,"status":"available"},{"row":"F","number":1,"status":"available"},{"row":"F","number":2,"status":"available"},{"row":"F","number":3,"status":"available"},{"row":"F","number":4,"status":"available"},{"row":"F","number":5,"status":"available"},{"row":"F","number":6,"status":"available"},{"row":"F","number":7,"status":"available"},{"row":"F","number":8,"status":"available"},{"row":"F","number":9,"status":"available"},{"row":"F","number":10,"status":"available"},{"row":"F","number":11,"status":"available"},{"row":"F","number":12,"status":"available"},{"row":"F","number":13,"status":"available"},{"row":"F","number":14,"status":"available"},{"row":"F","number":15,"status":"available"},{"row":"G","number":1,"status":"available"},{"row":"G","number":2,"status":"available"},{"row":"G","number":3,"status":"available"},{"row":"G","number":4,"status":"available"},{"row":"G","number":5,"status":"available"},{"row":"G","number":6,"status":"available"},{"row":"G","number":7,"status":"available"},{"row":"G","number":8,"status":"available"},{"row":"G","number":9,"status":"available"},{"row":"G","number":10,"status":"available"},{"row":"G","number":11,"status":"available"},{"row":"G","number":12,"status":"available"},{"row":"G","number":13,"status":"available"},{"row":"G","number":14,"status":"available"},{"row":"G","number":15,"status":"available"},{"row":"H","number":1,"status":"available"},{"row":"H","number":2,"status":"available"},{"row":"H","number":3,"status":"available"},{"row":"H","number":4,"status":"available"},{"row":"H","number":5,"status":"available"},{"row":"H","number":6,"status":"available"},{"row":"H","number":7,"status":"available"},{"row":"H","number":8,"status":"available"},{"row":"H","number":9,"status":"available"},{"row":"H","number":10,"status":"available"},{"row":"H","number":11,"status":"available"},{"row":"H","number":12,"status":"available"},{"row":"H","number":13,"status":"available"},{"row":"H","number":14,"status":"available"},{"row":"H","number":15,"status":"available"}],"createdAt":"2025-10-07T20:25:27.583Z","__v":0,"updatedAt":"2025-10-07T20:25:27.974Z","id":"68e57737acee46196cffd714"},{"_id":"68e57737acee46196cffd715","movie":"68e57737acee46196cffd70c","theater":"68e57737acee46196cffd710","datetime":"2025-10-07T19:00:00.000Z","fullPrice":15,"halfPrice":7.5,"seats":[{"row":"A","number":1,"status":"available"},{"row":"A","number":2,"status":"available"},{"row":"A","number":3,"status":"available"},{"row":"A","number":4,"status":"available"},{"row":"A","number":5,"status":"available"},{"row":"A","number":6,"status":"available"},{"row":"A","number":7,"status":"available"},{"row":"A","number":8,"status":"available"},{"row":"A","number":9,"status":"available"},{"row":"A","number":10,"status":"available"},{"row":"A","number":11,"status":"available"},{"row":"A","number":12,"status":"available"},{"row":"A","number":13,"status":"available"},{"row":"A","number":14,"status":"available"},{"row":"A","number":15,"status":"available"},{"row":"B","number":1,"status":"available"},{"row":"B","number":2,"status":"available"},{"row":"B","number":3,"status":"available"},{"row":"B","number":4,"status":"available"},{"row":"B","number":5,"status":"available"},{"row":"B","number":6,"status":"available"},{"row":"B","number":7,"status":"available"},{"row":"B","number":8,"status":"available"},{"row":"B","number":9,"status":"available"},{"row":"B","number":10,"status":"available"},{"row":"B","number":11,"status":"available"},{"row":"B","number":12,"status":"available"},{"row":"B","number":13,"status":"available"},{"row":"B","number":14,"status":"available"},{"row":"B","number":15,"status":"available"},{"row":"C","number":1,"status":"available"},{"row":"C","number":2,"status":"available"},{"row":"C","number":3,"status":"available"},{"row":"C","number":4,"status":"available"},{"row":"C","number":5,"status":"available"},{"row":"C","number":6,"status":"available"},{"row":"C","number":7,"status":"available"},{"row":"C","number":8,"status":"available"},{"row":"C","number":9,"status":"available"},{"row":"C","number":10,"status":"available"},{"row":"C","number":11,"status":"available"},{"row":"C","number":12,"status":"available"},{"row":"C","number":13,"status":"available"},{"row":"C","number":14,"status":"available"},{"row":"C","number":15,"status":"available"},{"row":"D","number":1,"status":"available"},{"row":"D","number":2,"status":"available"},{"row":"D","number":3,"status":"available"},{"row":"D","number":4,"status":"available"},{"row":"D","number":5,"status":"available"},{"row":"D","number":6,"status":"available"},{"row":"D","number":7,"status":"available"},{"row":"D","number":8,"status":"available"},{"row":"D","number":9,"status":"available"},{"row":"D","number":10,"status":"available"},{"row":"D","number":11,"status":"available"},{"row":"D","number":12,"status":"available"},{"row":"D","number":13,"status":"available"},{"row":"D","number":14,"status":"available"},{"row":"D","number":15,"status":"available"},{"row":"E","number":1,"status":"available"},{"row":"E","number":2,"status":"available"},{"row":"E","number":3,"status":"available"},{"row":"E","number":4,"status":"available"},{"row":"E","number":5,"status":"available"},{"row":"E","number":6,"status":"available"},{"row":"E","number":7,"status":"available"},{"row":"E","number":8,"status":"available"},{"row":"E","number":9,"status":"available"},{"row":"E","number":10,"status":"available"},{"row":"E","number":11,"status":"available"},{"row":"E","number":12,"status":"available"},{"row":"E","number":13,"status":"available"},{"row":"E","number":14,"status":"available"},{"row":"E","number":15,"status":"available"},{"row":"F","number":1,"status":"available"},{"row":"F","number":2,"status":"available"},{"row":"F","number":3,"status":"available"},{"row":"F","number":4,"status":"available"},{"row":"F","number":5,"status":"available"},{"row":"F","number":6,"status":"available"},{"row":"F","number":7,"status":"available"},{"row":"F","number":8,"status":"available"},{"row":"F","number":9,"status":"available"},{"row":"F","number":10,"status":"available"},{"row":"F","number":11,"status":"available"},{"row":"F","number":12,"status":"available"},{"row":"F","number":13,"status":"available"},{"row":"F","number":14,"status":"available"},{"row":"F","number":15,"st... (set the log level to DEBUG or TRACE to see the full content) 
 </msg>
<msg time="2025-10-09T00:42:59.679503" level="INFO">${response} = &lt;Response [200]&gt;</msg>
<var>${response}</var>
<arg>cinema</arg>
<arg>${THEATERS}/${theater_id}</arg>
<arg>expected_status=any</arg>
<doc>Sends a GET request on a previously created HTTP Session.</doc>
<status status="PASS" start="2025-10-09T00:42:59.405504" elapsed="0.273999"/>
</kw>
<kw name="Log To Console" owner="BuiltIn">
<arg>Status: ${response.status_code}</arg>
<doc>Logs the given message to the console.</doc>
<status status="PASS" start="2025-10-09T00:42:59.679503" elapsed="0.001001"/>
</kw>
<kw name="Should Be Equal As Integers" owner="BuiltIn">
<msg time="2025-10-09T00:42:59.680504" level="INFO">Argument types are:
&lt;class 'int'&gt;
&lt;class 'str'&gt;</msg>
<arg>${response.status_code}</arg>
<arg>200</arg>
<doc>Fails if objects are unequal after converting them to integers.</doc>
<status status="PASS" start="2025-10-09T00:42:59.680504" elapsed="0.000000"/>
</kw>
<kw name="Set Variable" owner="BuiltIn">
<msg time="2025-10-09T00:42:59.715504" level="INFO">${data} = {'_id': '68e57737acee46196cffd710', 'name': 'Theater 1', 'capacity': 120, 'type': 'standard', 'createdAt': '2025-10-07T20:25:27.574Z', '__v': 0, 'updatedAt': '2025-10-07T20:25:27.574Z', 'sessions': [{...</msg>
<var>${data}</var>
<arg>${response.json()['data']}</arg>
<doc>Returns the given values which can then be assigned to a variables.</doc>
<status status="PASS" start="2025-10-09T00:42:59.680504" elapsed="0.035000"/>
</kw>
<kw name="Should Be Equal As Strings" owner="BuiltIn">
<arg>${data['_id']}</arg>
<arg>${theater_id}</arg>
<doc>Fails if objects are unequal after converting them to strings.</doc>
<status status="PASS" start="2025-10-09T00:42:59.715504" elapsed="0.001000"/>
</kw>
<kw name="Should Be Equal As Strings" owner="BuiltIn">
<arg>${data['name']}</arg>
<arg>Theater 1</arg>
<doc>Fails if objects are unequal after converting them to strings.</doc>
<status status="PASS" start="2025-10-09T00:42:59.716504" elapsed="0.000000"/>
</kw>
<doc>Verifica se o endpoint GET /theaters/{id} retorna os dados corretos</doc>
<status status="PASS" start="2025-10-09T00:42:59.404505" elapsed="0.311999"/>
</test>
<test id="s1-s4-t3" name="Obter Theater Inexistente" line="38">
<kw name="Set Variable" owner="BuiltIn">
<msg time="2025-10-09T00:42:59.717504" level="INFO">${invalid_id} = 000000000000000000000000</msg>
<var>${invalid_id}</var>
<arg>000000000000000000000000</arg>
<doc>Returns the given values which can then be assigned to a variables.</doc>
<status status="PASS" start="2025-10-09T00:42:59.717504" elapsed="0.000000"/>
</kw>
<kw name="GET On Session" owner="RequestsLibrary">
<msg time="2025-10-09T00:42:59.721504" level="INFO">GET Request : url=http://localhost:3000/api/v1/theaters/000000000000000000000000 
 path_url=/api/v1/theaters/000000000000000000000000 
 headers={'User-Agent': 'python-requests/2.32.5', 'Accept-Encoding': 'gzip, deflate', 'Accept': '*/*', 'Connection': 'keep-alive'} 
 body=None 
 </msg>
<msg time="2025-10-09T00:42:59.721504" level="INFO">GET Response : url=http://localhost:3000/api/v1/theaters/000000000000000000000000 
 status=404, reason=Not Found 
 headers={'X-Powered-By': 'Express', 'Access-Control-Allow-Origin': '*', 'Content-Type': 'application/json; charset=utf-8', 'Content-Length': '47', 'ETag': 'W/"2f-KVXF32youtabRc/9Rp7Fmtl3UrM"', 'Date': 'Thu, 09 Oct 2025 03:42:59 GMT', 'Connection': 'keep-alive', 'Keep-Alive': 'timeout=5'} 
 body={"success":false,"message":"Theater not found"} 
 </msg>
<msg time="2025-10-09T00:42:59.721504" level="INFO">${response} = &lt;Response [404]&gt;</msg>
<var>${response}</var>
<arg>cinema</arg>
<arg>${THEATERS}/${invalid_id}</arg>
<arg>expected_status=any</arg>
<doc>Sends a GET request on a previously created HTTP Session.</doc>
<status status="PASS" start="2025-10-09T00:42:59.717504" elapsed="0.004000"/>
</kw>
<kw name="Log To Console" owner="BuiltIn">
<arg>Status: ${response.status_code}</arg>
<doc>Logs the given message to the console.</doc>
<status status="PASS" start="2025-10-09T00:42:59.721504" elapsed="0.001002"/>
</kw>
<kw name="Log To Console" owner="BuiltIn">
<arg>Body: ${response.text}</arg>
<doc>Logs the given message to the console.</doc>
<status status="PASS" start="2025-10-09T00:42:59.722506" elapsed="0.000000"/>
</kw>
<kw name="Should Be Equal As Integers" owner="BuiltIn">
<msg time="2025-10-09T00:42:59.723504" level="INFO">Argument types are:
&lt;class 'int'&gt;
&lt;class 'str'&gt;</msg>
<arg>${response.status_code}</arg>
<arg>404</arg>
<doc>Fails if objects are unequal after converting them to integers.</doc>
<status status="PASS" start="2025-10-09T00:42:59.722506" elapsed="0.000998"/>
</kw>
<kw name="Log To Console" owner="BuiltIn">
<arg>"Theater inexistente retornou 404 conforme esperado."</arg>
<doc>Logs the given message to the console.</doc>
<status status="PASS" start="2025-10-09T00:42:59.723504" elapsed="0.000000"/>
</kw>
<doc>Tenta obter um theater com ID inexistente e valida que o retorno é 404</doc>
<status status="PASS" start="2025-10-09T00:42:59.716504" elapsed="0.007000"/>
</test>
<test id="s1-s4-t4" name="Requisitar Endpoint Inexistente" line="47">
<kw name="GET On Session" owner="RequestsLibrary">
<msg time="2025-10-09T00:42:59.725506" level="INFO">GET Request : url=http://localhost:3000/api/v1/theatre 
 path_url=/api/v1/theatre 
 headers={'User-Agent': 'python-requests/2.32.5', 'Accept-Encoding': 'gzip, deflate', 'Accept': '*/*', 'Connection': 'keep-alive'} 
 body=None 
 </msg>
<msg time="2025-10-09T00:42:59.725506" level="INFO">GET Response : url=http://localhost:3000/api/v1/theatre 
 status=404, reason=Not Found 
 headers={'X-Powered-By': 'Express', 'Access-Control-Allow-Origin': '*', 'Content-Type': 'application/json; charset=utf-8', 'Content-Length': '1298', 'ETag': 'W/"512-UTGo3eo++GoeV5QxNA8yVCuJbzY"', 'Date': 'Thu, 09 Oct 2025 03:42:59 GMT', 'Connection': 'keep-alive', 'Keep-Alive': 'timeout=5'} 
 body={"success":false,"message":"Not Found - /api/v1/theatre","stack":"Error: Not Found - /api/v1/theatre\n    at exports.notFound (C:\\Users\\kaiol\\challengeFinal\\back\\cinema-challenge-back\\src\\middleware\\error.js:22:17)\n    at Layer.handleRequest (C:\\Users\\kaiol\\challengeFinal\\back\\cinema-challenge-back\\node_modules\\router\\lib\\layer.js:152:17)\n    at trimPrefix (C:\\Users\\kaiol\\challengeFinal\\back\\cinema-challenge-back\\node_modules\\router\\index.js:342:13)\n    at C:\\Users\\kaiol\\challengeFinal\\back\\cinema-challenge-back\\node_modules\\router\\index.js:297:9\n    at processParams (C:\\Users\\kaiol\\challengeFinal\\back\\cinema-challenge-back\\node_modules\\router\\index.js:582:12)\n    at next (C:\\Users\\kaiol\\challengeFinal\\back\\cinema-challenge-back\\node_modules\\router\\index.js:291:5)\n    at C:\\Users\\kaiol\\challengeFinal\\back\\cinema-challenge-back\\node_modules\\router\\index.js:688:15\n    at next (C:\\Users\\kaiol\\challengeFinal\\back\\cinema-challenge-back\\node_modules\\router\\index.js:276:14)\n    at Function.handle (C:\\Users\\kaiol\\challengeFinal\\back\\cinema-challenge-back\\node_modules\\router\\index.js:186:3)\n    at router (C:\\Users\\kaiol\\challengeFinal\\back\\cinema-challenge-back\\node_modules\\router\\index.js:60:12)"} 
 </msg>
<msg time="2025-10-09T00:42:59.725506" level="INFO">${response} = &lt;Response [404]&gt;</msg>
<var>${response}</var>
<arg>cinema</arg>
<arg>/theatre</arg>
<arg>expected_status=any</arg>
<doc>Sends a GET request on a previously created HTTP Session.</doc>
<status status="PASS" start="2025-10-09T00:42:59.724504" elapsed="0.001002"/>
</kw>
<kw name="Log To Console" owner="BuiltIn">
<arg>Status: ${response.status_code}</arg>
<doc>Logs the given message to the console.</doc>
<status status="PASS" start="2025-10-09T00:42:59.726504" elapsed="0.000000"/>
</kw>
<kw name="Should Be Equal As Integers" owner="BuiltIn">
<msg time="2025-10-09T00:42:59.726504" level="INFO">Argument types are:
&lt;class 'int'&gt;
&lt;class 'str'&gt;</msg>
<arg>${response.status_code}</arg>
<arg>404</arg>
<doc>Fails if objects are unequal after converting them to integers.</doc>
<status status="PASS" start="2025-10-09T00:42:59.726504" elapsed="0.000000"/>
</kw>
<kw name="Log To Console" owner="BuiltIn">
<arg>"Endpoint inexistente retornou 404 conforme esperado."</arg>
<doc>Logs the given message to the console.</doc>
<status status="PASS" start="2025-10-09T00:42:59.727503" elapsed="0.000000"/>
</kw>
<doc>Acessa um endpoint incorreto e espera 404</doc>
<status status="PASS" start="2025-10-09T00:42:59.723504" elapsed="0.003999"/>
</test>
<kw name="Delete All Sessions" owner="RequestsLibrary" type="TEARDOWN">
<msg time="2025-10-09T00:42:59.727503" level="INFO">Deleting All Sessions</msg>
<doc>Removes all the session objects</doc>
<status status="PASS" start="2025-10-09T00:42:59.727503" elapsed="0.000000"/>
</kw>
<doc>Testes para endpoints de Theaters</doc>
<status status="PASS" start="2025-10-09T00:42:59.384504" elapsed="0.342999"/>
</suite>
<status status="FAIL" start="2025-10-09T00:42:58.949503" elapsed="0.779001"/>
</suite>
<statistics>
<total>
<stat pass="20" fail="1" skip="0">All Tests</stat>
</total>
<tag>
</tag>
<suite>
<stat name="Auth Tests &amp; Movies Tests &amp; Sessions Tests &amp; Theaters Tests" id="s1" pass="20" fail="1" skip="0">Auth Tests &amp; Movies Tests &amp; Sessions Tests &amp; Theaters Tests</stat>
<stat name="Auth Tests" id="s1-s1" pass="4" fail="1" skip="0">Auth Tests &amp; Movies Tests &amp; Sessions Tests &amp; Theaters Tests.Auth Tests</stat>
<stat name="Movies Tests" id="s1-s2" pass="6" fail="0" skip="0">Auth Tests &amp; Movies Tests &amp; Sessions Tests &amp; Theaters Tests.Movies Tests</stat>
<stat name="Sessions Tests" id="s1-s3" pass="6" fail="0" skip="0">Auth Tests &amp; Movies Tests &amp; Sessions Tests &amp; Theaters Tests.Sessions Tests</stat>
<stat name="Theaters Tests" id="s1-s4" pass="4" fail="0" skip="0">Auth Tests &amp; Movies Tests &amp; Sessions Tests &amp; Theaters Tests.Theaters Tests</stat>
</suite>
</statistics>
<errors>
</errors>
</robot>
